#
# There is insufficient memory for the Java Runtime Environment to continue.
# Native memory allocation (malloc) failed to allocate 613552 bytes for Chunk::new
# Possible reasons:
#   The system is out of physical RAM or swap space
#   The process is running with CompressedOops enabled, and the Java Heap may be blocking the growth of the native heap
# Possible solutions:
#   Reduce memory load on the system
#   Increase physical memory or swap space
#   Check if swap backing store is full
#   Decrease Java heap size (-Xmx/-Xms)
#   Decrease number of Java threads
#   Decrease Java thread stack sizes (-Xss)
#   Set larger code cache with -XX:ReservedCodeCacheSize=
#   JVM is running with Unscaled Compressed Oops mode in which the Java heap is
#     placed in the first 4GB address space. The Java Heap base address is the
#     maximum limit for the native heap growth. Please use -XX:HeapBaseMinAddress
#     to set the Java Heap base and to place the Java Heap above 4GB virtual address.
# This output file may be truncated or incomplete.
#
#  Out of Memory Error (arena.cpp:189), pid=12784, tid=27168
#
# JRE version: OpenJDK Runtime Environment Temurin-17.0.2+8 (17.0.2+8) (build 17.0.2+8)
# Java VM: OpenJDK 64-Bit Server VM Temurin-17.0.2+8 (17.0.2+8, mixed mode, tiered, compressed oops, compressed class ptrs, g1 gc, windows-amd64)
# No core dump will be written. Minidumps are not enabled by default on client versions of Windows
#

---------------  S U M M A R Y ------------

Command Line: -Dfile.encoding=Cp1252 -XX:+ShowCodeDetailsInExceptionMessages Adminmodule.AdminCanApprovetheProductTest

Host: AMD Ryzen 5 3450U with Radeon Vega Mobile Gfx  , 8 cores, 5G,  Windows 11 , 64 bit Build 22621 (10.0.22621.3235)
Time: Fri Mar 29 17:54:49 2024 India Standard Time elapsed time: 7.579291 seconds (0d 0h 0m 7s)

---------------  T H R E A D  ---------------

Current thread (0x00000153b4015e80):  JavaThread "C2 CompilerThread0" daemon [_thread_in_native, id=27168, stack(0x000000137b000000,0x000000137b100000)]


Current CompileTask:
C2:   7579 2184       4       jdk.internal.loader.URLClassPath::getResource (74 bytes)

Stack: [0x000000137b000000,0x000000137b100000]
Native frames: (J=compiled Java code, j=interpreted, Vv=VM code, C=native code)
V  [jvm.dll+0x67564a]
V  [jvm.dll+0x82fc04]
V  [jvm.dll+0x8313ae]
V  [jvm.dll+0x831a13]
V  [jvm.dll+0x245235]
V  [jvm.dll+0xabd7b]
V  [jvm.dll+0xac30c]
V  [jvm.dll+0x3631f7]
V  [jvm.dll+0x32d891]
V  [jvm.dll+0x32cd3a]
V  [jvm.dll+0x2180d1]
V  [jvm.dll+0x2174f1]
V  [jvm.dll+0x1a3a8d]
V  [jvm.dll+0x226ef8]
V  [jvm.dll+0x22503c]
V  [jvm.dll+0x7e596b]
V  [jvm.dll+0x7dff2a]
V  [jvm.dll+0x6744d5]
C  [ucrtbase.dll+0x29363]
C  [KERNEL32.DLL+0x1257d]
C  [ntdll.dll+0x5aa58]


---------------  P R O C E S S  ---------------

Threads class SMR info:
_java_thread_list=0x00000153b47ed310, length=25, elements={
0x000001539a9aeb90, 0x00000153b35a9dd0, 0x00000153b35aab50, 0x00000153b3613000,
0x00000153b36139c0, 0x00000153b3616390, 0x00000153b4012010, 0x00000153b4015e80,
0x00000153b4016830, 0x00000153b4023d20, 0x00000153b4172070, 0x00000153b417a1d0,
0x00000153b4513500, 0x00000153b429ae70, 0x00000153b4bfa020, 0x00000153b4bfa4f0,
0x00000153b4bfadd0, 0x00000153b4bae070, 0x00000153b595f580, 0x00000153b595fa50,
0x00000153b595ff20, 0x00000153b595d3d0, 0x00000153b595ebe0, 0x00000153b59603f0,
0x00000153b59608c0
}

Java Threads: ( => current thread )
  0x000001539a9aeb90 JavaThread "main" [_thread_in_Java, id=29540, stack(0x000000137a300000,0x000000137a400000)]
  0x00000153b35a9dd0 JavaThread "Reference Handler" daemon [_thread_blocked, id=23520, stack(0x000000137aa00000,0x000000137ab00000)]
  0x00000153b35aab50 JavaThread "Finalizer" daemon [_thread_blocked, id=36504, stack(0x000000137ab00000,0x000000137ac00000)]
  0x00000153b3613000 JavaThread "Signal Dispatcher" daemon [_thread_blocked, id=20048, stack(0x000000137ac00000,0x000000137ad00000)]
  0x00000153b36139c0 JavaThread "Attach Listener" daemon [_thread_blocked, id=21468, stack(0x000000137ad00000,0x000000137ae00000)]
  0x00000153b3616390 JavaThread "Service Thread" daemon [_thread_blocked, id=25260, stack(0x000000137ae00000,0x000000137af00000)]
  0x00000153b4012010 JavaThread "Monitor Deflation Thread" daemon [_thread_blocked, id=16124, stack(0x000000137af00000,0x000000137b000000)]
=>0x00000153b4015e80 JavaThread "C2 CompilerThread0" daemon [_thread_in_native, id=27168, stack(0x000000137b000000,0x000000137b100000)]
  0x00000153b4016830 JavaThread "C1 CompilerThread0" daemon [_thread_blocked, id=39980, stack(0x000000137b100000,0x000000137b200000)]
  0x00000153b4023d20 JavaThread "Sweeper thread" daemon [_thread_blocked, id=34696, stack(0x000000137b200000,0x000000137b300000)]
  0x00000153b4172070 JavaThread "Notification Thread" daemon [_thread_blocked, id=19304, stack(0x000000137b300000,0x000000137b400000)]
  0x00000153b417a1d0 JavaThread "Common-Cleaner" daemon [_thread_blocked, id=42340, stack(0x000000137b500000,0x000000137b600000)]
  0x00000153b4513500 JavaThread "ForkJoinPool.commonPool-worker-1" daemon [_thread_blocked, id=17660, stack(0x000000137b600000,0x000000137b700000)]
  0x00000153b429ae70 JavaThread "HttpClient-1-SelectorManager" daemon [_thread_in_native, id=34968, stack(0x000000137c000000,0x000000137c100000)]
  0x00000153b4bfa020 JavaThread "External Process Output Forwarder - C:\Users\ranji\.cache\selenium\chromedriver\win64\123.0.6312.86\chromedriver.exe" daemon [_thread_in_native, id=33220, stack(0x000000137c100000,0x000000137c200000)]
  0x00000153b4bfa4f0 JavaThread "Driver Service Executor" daemon [_thread_blocked, id=39160, stack(0x000000137c200000,0x000000137c300000)]
  0x00000153b4bfadd0 JavaThread "Driver Service Executor" daemon [_thread_in_native, id=39888, stack(0x000000137c300000,0x000000137c400000)]
  0x00000153b4bae070 JavaThread "UrlChecker-2" daemon [_thread_blocked, id=16900, stack(0x000000137c400000,0x000000137c500000)]
  0x00000153b595f580 JavaThread "pool-1-thread-1" [_thread_blocked, id=7796, stack(0x000000137c700000,0x000000137c800000)]
  0x00000153b595fa50 JavaThread "pool-1-thread-2" [_thread_blocked, id=41760, stack(0x000000137c800000,0x000000137c900000)]
  0x00000153b595ff20 JavaThread "pool-1-thread-3" [_thread_blocked, id=27284, stack(0x000000137c900000,0x000000137ca00000)]
  0x00000153b595d3d0 JavaThread "HttpClient-2-SelectorManager" daemon [_thread_in_native, id=44852, stack(0x000000137ca00000,0x000000137cb00000)]
  0x00000153b595ebe0 JavaThread "pool-2-thread-1" [_thread_blocked, id=45248, stack(0x000000137cb00000,0x000000137cc00000)]
  0x00000153b59603f0 JavaThread "pool-2-thread-2" [_thread_blocked, id=20792, stack(0x000000137cc00000,0x000000137cd00000)]
  0x00000153b59608c0 JavaThread "pool-2-thread-3" [_thread_blocked, id=37304, stack(0x000000137cd00000,0x000000137ce00000)]

Other Threads:
  0x00000153b35d9630 VMThread "VM Thread" [stack: 0x000000137a900000,0x000000137aa00000] [id=12968]
  0x00000153b4174550 WatcherThread [stack: 0x000000137b400000,0x000000137b500000] [id=38772]
  0x000001539a9e6330 GCTaskThread "GC Thread#0" [stack: 0x000000137a400000,0x000000137a500000] [id=26316]
  0x00000153b59610b0 GCTaskThread "GC Thread#1" [stack: 0x000000137b700000,0x000000137b800000] [id=35096]
  0x00000153b4bfda80 GCTaskThread "GC Thread#2" [stack: 0x000000137b800000,0x000000137b900000] [id=14004]
  0x00000153b588f910 GCTaskThread "GC Thread#3" [stack: 0x000000137b900000,0x000000137ba00000] [id=31776]
  0x00000153b5891880 GCTaskThread "GC Thread#4" [stack: 0x000000137ba00000,0x000000137bb00000] [id=35308]
  0x00000153b58c6aa0 GCTaskThread "GC Thread#5" [stack: 0x000000137bb00000,0x000000137bc00000] [id=44708]
  0x00000153b5864780 GCTaskThread "GC Thread#6" [stack: 0x000000137bc00000,0x000000137bd00000] [id=8500]
  0x00000153b5864a30 GCTaskThread "GC Thread#7" [stack: 0x000000137bd00000,0x000000137be00000] [id=18656]
  0x000001539a9f2e00 ConcurrentGCThread "G1 Main Marker" [stack: 0x000000137a500000,0x000000137a600000] [id=46928]
  0x000001539a9f3ec0 ConcurrentGCThread "G1 Conc#0" [stack: 0x000000137a600000,0x000000137a700000] [id=36060]
  0x00000153b48abcd0 ConcurrentGCThread "G1 Conc#1" [stack: 0x000000137ce00000,0x000000137cf00000] [id=33560]
  0x000001539aa6e650 ConcurrentGCThread "G1 Refine#0" [stack: 0x000000137a700000,0x000000137a800000] [id=23536]
  0x00000153b5961360 ConcurrentGCThread "G1 Refine#1" [stack: 0x000000137be00000,0x000000137bf00000] [id=27500]
  0x00000153b5961640 ConcurrentGCThread "G1 Refine#2" [stack: 0x000000137bf00000,0x000000137c000000] [id=43540]
  0x00000153b3420080 ConcurrentGCThread "G1 Service" [stack: 0x000000137a800000,0x000000137a900000] [id=28716]

Threads with active compile tasks:
C2 CompilerThread0     7616 2184       4       jdk.internal.loader.URLClassPath::getResource (74 bytes)

VM state: not at safepoint (normal execution)

VM Mutex/Monitor currently owned by a thread: None

Heap address: 0x00000000a1c00000, size: 1508 MB, Compressed Oops mode: 32-bit

CDS archive(s) not mapped
Compressed class space mapped at: 0x0000000100000000-0x0000000140000000, reserved size: 1073741824
Narrow klass base: 0x0000000000000000, Narrow klass shift: 3, Narrow klass range: 0x140000000

GC Precious Log:
 CPUs: 8 total, 8 available
 Memory: 6030M
 Large Page Support: Disabled
 NUMA Support: Disabled
 Compressed Oops: Enabled (32-bit)
 Heap Region Size: 1M
 Heap Min Capacity: 8M
 Heap Initial Capacity: 96M
 Heap Max Capacity: 1508M
 Pre-touch: Disabled
 Parallel Workers: 8
 Concurrent Workers: 2
 Concurrent Refinement Workers: 8
 Periodic GC: Disabled

Heap:
 garbage-first heap   total 37888K, used 19671K [0x00000000a1c00000, 0x0000000100000000)
  region size 1024K, 10 young (10240K), 1 survivors (1024K)
 Metaspace       used 26951K, committed 27264K, reserved 1073152K
  class space    used 2950K, committed 3072K, reserved 1048576K

Heap Regions: E=young(eden), S=young(survivor), O=old, HS=humongous(starts), HC=humongous(continues), CS=collection set, F=free, OA=open archive, CA=closed archive, TAMS=top-at-mark-start (previous, next)
|   0|0x00000000a1c00000, 0x00000000a1d00000, 0x00000000a1d00000|100%| O|  |TAMS 0x00000000a1d00000, 0x00000000a1c00000| Untracked 
|   1|0x00000000a1d00000, 0x00000000a1e00000, 0x00000000a1e00000|100%| O|  |TAMS 0x00000000a1e00000, 0x00000000a1d00000| Untracked 
|   2|0x00000000a1e00000, 0x00000000a1f00000, 0x00000000a1f00000|100%| O|  |TAMS 0x00000000a1f00000, 0x00000000a1e00000| Untracked 
|   3|0x00000000a1f00000, 0x00000000a2000000, 0x00000000a2000000|100%| O|  |TAMS 0x00000000a2000000, 0x00000000a1f00000| Untracked 
|   4|0x00000000a2000000, 0x00000000a2100000, 0x00000000a2100000|100%| O|  |TAMS 0x00000000a2049200, 0x00000000a2000000| Untracked 
|   5|0x00000000a2100000, 0x00000000a2200000, 0x00000000a2200000|100%| O|  |TAMS 0x00000000a2100000, 0x00000000a2100000| Untracked 
|   6|0x00000000a2200000, 0x00000000a2300000, 0x00000000a2300000|100%| O|  |TAMS 0x00000000a2200000, 0x00000000a2200000| Untracked 
|   7|0x00000000a2300000, 0x00000000a2300000, 0x00000000a2400000|  0%| F|  |TAMS 0x00000000a2300000, 0x00000000a2300000| Untracked 
|   8|0x00000000a2400000, 0x00000000a2500000, 0x00000000a2500000|100%| O|  |TAMS 0x00000000a2400000, 0x00000000a2400000| Untracked 
|   9|0x00000000a2500000, 0x00000000a2600000, 0x00000000a2600000|100%| O|  |TAMS 0x00000000a2500000, 0x00000000a2500000| Untracked 
|  10|0x00000000a2600000, 0x00000000a2700000, 0x00000000a2700000|100%| O|  |TAMS 0x00000000a2600000, 0x00000000a2600000| Untracked 
|  11|0x00000000a2700000, 0x00000000a273fe00, 0x00000000a2800000| 24%| O|  |TAMS 0x00000000a2700000, 0x00000000a2700000| Untracked 
|  12|0x00000000a2800000, 0x00000000a2800000, 0x00000000a2900000|  0%| F|  |TAMS 0x00000000a2800000, 0x00000000a2800000| Untracked 
|  13|0x00000000a2900000, 0x00000000a2900000, 0x00000000a2a00000|  0%| F|  |TAMS 0x00000000a2900000, 0x00000000a2900000| Untracked 
|  14|0x00000000a2a00000, 0x00000000a2a00000, 0x00000000a2b00000|  0%| F|  |TAMS 0x00000000a2a00000, 0x00000000a2a00000| Untracked 
|  15|0x00000000a2b00000, 0x00000000a2b00000, 0x00000000a2c00000|  0%| F|  |TAMS 0x00000000a2b00000, 0x00000000a2b00000| Untracked 
|  16|0x00000000a2c00000, 0x00000000a2c00000, 0x00000000a2d00000|  0%| F|  |TAMS 0x00000000a2c00000, 0x00000000a2c00000| Untracked 
|  17|0x00000000a2d00000, 0x00000000a2d00000, 0x00000000a2e00000|  0%| F|  |TAMS 0x00000000a2d00000, 0x00000000a2d00000| Untracked 
|  18|0x00000000a2e00000, 0x00000000a2e00000, 0x00000000a2f00000|  0%| F|  |TAMS 0x00000000a2e00000, 0x00000000a2e00000| Untracked 
|  19|0x00000000a2f00000, 0x00000000a2f00000, 0x00000000a3000000|  0%| F|  |TAMS 0x00000000a2f00000, 0x00000000a2f00000| Untracked 
|  20|0x00000000a3000000, 0x00000000a30f6058, 0x00000000a3100000| 96%| S|CS|TAMS 0x00000000a3000000, 0x00000000a3000000| Complete 
|  21|0x00000000a3100000, 0x00000000a3100000, 0x00000000a3200000|  0%| F|  |TAMS 0x00000000a3100000, 0x00000000a3100000| Untracked 
|  22|0x00000000a3200000, 0x00000000a3200000, 0x00000000a3300000|  0%| F|  |TAMS 0x00000000a3200000, 0x00000000a3200000| Untracked 
|  23|0x00000000a3300000, 0x00000000a3300000, 0x00000000a3400000|  0%| F|  |TAMS 0x00000000a3300000, 0x00000000a3300000| Untracked 
|  24|0x00000000a3400000, 0x00000000a3400000, 0x00000000a3500000|  0%| F|  |TAMS 0x00000000a3400000, 0x00000000a3400000| Untracked 
|  25|0x00000000a3500000, 0x00000000a3500000, 0x00000000a3600000|  0%| F|  |TAMS 0x00000000a3500000, 0x00000000a3500000| Untracked 
|  26|0x00000000a3600000, 0x00000000a3600000, 0x00000000a3700000|  0%| F|  |TAMS 0x00000000a3600000, 0x00000000a3600000| Untracked 
|  27|0x00000000a3700000, 0x00000000a3700000, 0x00000000a3800000|  0%| F|  |TAMS 0x00000000a3700000, 0x00000000a3700000| Untracked 
|  28|0x00000000a3800000, 0x00000000a384dce0, 0x00000000a3900000| 30%| E|  |TAMS 0x00000000a3800000, 0x00000000a3800000| Complete 
|  29|0x00000000a3900000, 0x00000000a3a00000, 0x00000000a3a00000|100%| E|CS|TAMS 0x00000000a3900000, 0x00000000a3900000| Complete 
|  30|0x00000000a3a00000, 0x00000000a3b00000, 0x00000000a3b00000|100%| E|CS|TAMS 0x00000000a3a00000, 0x00000000a3a00000| Complete 
|  31|0x00000000a3b00000, 0x00000000a3c00000, 0x00000000a3c00000|100%| E|CS|TAMS 0x00000000a3b00000, 0x00000000a3b00000| Complete 
|  32|0x00000000a3c00000, 0x00000000a3d00000, 0x00000000a3d00000|100%| E|CS|TAMS 0x00000000a3c00000, 0x00000000a3c00000| Complete 
|  33|0x00000000a3d00000, 0x00000000a3e00000, 0x00000000a3e00000|100%| E|CS|TAMS 0x00000000a3d00000, 0x00000000a3d00000| Complete 
|  76|0x00000000a6800000, 0x00000000a6900000, 0x00000000a6900000|100%| E|CS|TAMS 0x00000000a6800000, 0x00000000a6800000| Complete 
|  77|0x00000000a6900000, 0x00000000a6a00000, 0x00000000a6a00000|100%| E|CS|TAMS 0x00000000a6900000, 0x00000000a6900000| Complete 
|  95|0x00000000a7b00000, 0x00000000a7c00000, 0x00000000a7c00000|100%| E|CS|TAMS 0x00000000a7b00000, 0x00000000a7b00000| Complete 

Card table byte_map: [0x00000153ad680000,0x00000153ad980000] _byte_map_base: 0x00000153ad172000

Marking Bits (Prev, Next): (CMBitMap*) 0x000001539a9e6890, (CMBitMap*) 0x000001539a9e6850
 Prev Bits: [0x00000153af410000, 0x00000153b0ba0000)
 Next Bits: [0x00000153adc80000, 0x00000153af410000)

Polling page: 0x0000015398910000

Metaspace:

Usage:
  Non-class:     23.44 MB used.
      Class:      2.88 MB used.
       Both:     26.32 MB used.

Virtual space:
  Non-class space:       24.00 MB reserved,      23.62 MB ( 98%) committed,  3 nodes.
      Class space:        1.00 GB reserved,       3.00 MB ( <1%) committed,  1 nodes.
             Both:        1.02 GB reserved,      26.62 MB (  3%) committed. 

Chunk freelists:
   Non-Class:  54.00 KB
       Class:  1.03 MB
        Both:  1.09 MB

MaxMetaspaceSize: unlimited
CompressedClassSpaceSize: 1.00 GB
Initial GC threshold: 21.00 MB
Current GC threshold: 35.12 MB
CDS: off
MetaspaceReclaimPolicy: balanced
 - commit_granule_bytes: 65536.
 - commit_granule_words: 8192.
 - virtual_space_node_default_size: 1048576.
 - enlarge_chunks_in_place: 1.
 - new_chunks_are_fully_committed: 0.
 - uncommit_free_chunks: 1.
 - use_allocation_guard: 0.
 - handle_deallocations: 1.


Internal statistics:

num_allocs_failed_limit: 3.
num_arena_births: 290.
num_arena_deaths: 0.
num_vsnodes_births: 4.
num_vsnodes_deaths: 0.
num_space_committed: 426.
num_space_uncommitted: 0.
num_chunks_returned_to_freelist: 3.
num_chunks_taken_from_freelist: 767.
num_chunk_merges: 0.
num_chunk_splits: 466.
num_chunks_enlarged: 314.
num_purges: 0.
num_inconsistent_stats: 0.

CodeHeap 'non-profiled nmethods': size=120000Kb used=737Kb max_used=737Kb free=119262Kb
 bounds [0x00000153a5b20000, 0x00000153a5d90000, 0x00000153ad050000]
CodeHeap 'profiled nmethods': size=120000Kb used=4332Kb max_used=4332Kb free=115667Kb
 bounds [0x000001539e5f0000, 0x000001539ea30000, 0x00000153a5b20000]
CodeHeap 'non-nmethods': size=5760Kb used=1238Kb max_used=1267Kb free=4521Kb
 bounds [0x000001539e050000, 0x000001539e2c0000, 0x000001539e5f0000]
 total_blobs=2771 nmethods=2229 adapters=454
 compilation: enabled
              stopped_count=0, restarted_count=0
 full_count=0

Compilation events (20 events):
Event: 7.538 Thread 0x00000153b4016830 2215       3       java.io.FilterInputStream::read (11 bytes)
Event: 7.538 Thread 0x00000153b4016830 nmethod 2215 0x000001539ea1d110 code [0x000001539ea1d2c0, 0x000001539ea1d488]
Event: 7.538 Thread 0x00000153b4016830 2223   !   3       org.apache.xmlbeans.impl.schema.XsbReader::readUnsignedShortOrInt (35 bytes)
Event: 7.538 Thread 0x00000153b4016830 nmethod 2223 0x000001539ea1d590 code [0x000001539ea1d760, 0x000001539ea1dc28]
Event: 7.538 Thread 0x00000153b4016830 2224       3       org.apache.xmlbeans.impl.schema.SchemaTypeSystemImpl$StringPool::stringForCode (22 bytes)
Event: 7.539 Thread 0x00000153b4016830 nmethod 2224 0x000001539ea1de90 code [0x000001539ea1e040, 0x000001539ea1e348]
Event: 7.539 Thread 0x00000153b4016830 2225       1       org.apache.xmlbeans.impl.schema.SchemaTypeSystemImpl::getTypePool (5 bytes)
Event: 7.539 Thread 0x00000153b4016830 nmethod 2225 0x00000153a5bd8010 code [0x00000153a5bd81a0, 0x00000153a5bd8278]
Event: 7.539 Thread 0x00000153b4016830 2208       3       java.lang.invoke.MethodHandles$Lookup::defineHiddenClass (69 bytes)
Event: 7.540 Thread 0x00000153b4016830 nmethod 2208 0x000001539ea1e410 code [0x000001539ea1e700, 0x000001539ea1f4b8]
Event: 7.540 Thread 0x00000153b4016830 2209       3       java.lang.invoke.MethodHandles$Lookup::ensureDefineClassPermission (38 bytes)
Event: 7.541 Thread 0x00000153b4016830 nmethod 2209 0x000001539ea1f990 code [0x000001539ea1fba0, 0x000001539ea202f8]
Event: 7.541 Thread 0x00000153b4016830 2210       3       java.lang.invoke.MethodHandles$Lookup::makeHiddenClassDefiner (22 bytes)
Event: 7.541 Thread 0x00000153b4016830 nmethod 2210 0x000001539ea20590 code [0x000001539ea20740, 0x000001539ea20928]
Event: 7.541 Thread 0x00000153b4016830 2226   !   3       org.apache.xmlbeans.impl.schema.XsbReader::readShort (35 bytes)
Event: 7.542 Thread 0x00000153b4016830 nmethod 2226 0x000001539ea20a90 code [0x000001539ea20c40, 0x000001539ea20fd8]
Event: 7.544 Thread 0x00000153b4016830 2227       1       javax.xml.namespace.QName::getNamespaceURI (5 bytes)
Event: 7.544 Thread 0x00000153b4016830 nmethod 2227 0x00000153a5bd8310 code [0x00000153a5bd84a0, 0x00000153a5bd8578]
Event: 7.547 Thread 0x00000153b4016830 2228       3       java.lang.Runtime$Version::feature (17 bytes)
Event: 7.547 Thread 0x00000153b4016830 nmethod 2228 0x000001539ea21190 code [0x000001539ea21340, 0x000001539ea21628]

GC Heap History (10 events):
Event: 1.824 GC heap before
{Heap before GC invocations=0 (full 0):
 garbage-first heap   total 98304K, used 22528K [0x00000000a1c00000, 0x0000000100000000)
  region size 1024K, 23 young (23552K), 0 survivors (0K)
 Metaspace       used 16032K, committed 16256K, reserved 1064960K
  class space    used 1615K, committed 1728K, reserved 1048576K
}
Event: 1.834 GC heap after
{Heap after GC invocations=1 (full 0):
 garbage-first heap   total 98304K, used 7460K [0x00000000a1c00000, 0x0000000100000000)
  region size 1024K, 3 young (3072K), 3 survivors (3072K)
 Metaspace       used 16032K, committed 16256K, reserved 1064960K
  class space    used 1615K, committed 1728K, reserved 1048576K
}
Event: 6.314 GC heap before
{Heap before GC invocations=1 (full 0):
 garbage-first heap   total 98304K, used 24868K [0x00000000a1c00000, 0x0000000100000000)
  region size 1024K, 21 young (21504K), 3 survivors (3072K)
 Metaspace       used 21226K, committed 21504K, reserved 1073152K
  class space    used 2289K, committed 2432K, reserved 1048576K
}
Event: 6.319 GC heap after
{Heap after GC invocations=2 (full 0):
 garbage-first heap   total 98304K, used 9362K [0x00000000a1c00000, 0x0000000100000000)
  region size 1024K, 2 young (2048K), 2 survivors (2048K)
 Metaspace       used 21226K, committed 21504K, reserved 1073152K
  class space    used 2289K, committed 2432K, reserved 1048576K
}
Event: 7.521 GC heap before
{Heap before GC invocations=3 (full 0):
 garbage-first heap   total 37888K, used 26770K [0x00000000a1c00000, 0x0000000100000000)
  region size 1024K, 20 young (20480K), 2 survivors (2048K)
 Metaspace       used 26920K, committed 27200K, reserved 1073152K
  class space    used 2950K, committed 3072K, reserved 1048576K
}
Event: 7.524 GC heap after
{Heap after GC invocations=4 (full 0):
 garbage-first heap   total 37888K, used 10594K [0x00000000a1c00000, 0x0000000100000000)
  region size 1024K, 3 young (3072K), 3 survivors (3072K)
 Metaspace       used 26920K, committed 27200K, reserved 1073152K
  class space    used 2950K, committed 3072K, reserved 1048576K
}
Event: 7.527 GC heap before
{Heap before GC invocations=4 (full 0):
 garbage-first heap   total 37888K, used 11618K [0x00000000a1c00000, 0x0000000100000000)
  region size 1024K, 4 young (4096K), 3 survivors (3072K)
 Metaspace       used 26924K, committed 27200K, reserved 1073152K
  class space    used 2950K, committed 3072K, reserved 1048576K
}
Event: 7.532 GC heap after
{Heap after GC invocations=5 (full 0):
 garbage-first heap   total 37888K, used 10596K [0x00000000a1c00000, 0x0000000100000000)
  region size 1024K, 1 young (1024K), 1 survivors (1024K)
 Metaspace       used 26924K, committed 27200K, reserved 1073152K
  class space    used 2950K, committed 3072K, reserved 1048576K
}
Event: 7.567 GC heap before
{Heap before GC invocations=5 (full 0):
 garbage-first heap   total 37888K, used 24932K [0x00000000a1c00000, 0x0000000100000000)
  region size 1024K, 15 young (15360K), 1 survivors (1024K)
 Metaspace       used 26937K, committed 27200K, reserved 1073152K
  class space    used 2950K, committed 3072K, reserved 1048576K
}
Event: 7.569 GC heap after
{Heap after GC invocations=6 (full 0):
 garbage-first heap   total 37888K, used 11002K [0x00000000a1c00000, 0x0000000100000000)
  region size 1024K, 1 young (1024K), 1 survivors (1024K)
 Metaspace       used 26937K, committed 27200K, reserved 1073152K
  class space    used 2950K, committed 3072K, reserved 1048576K
}

Deoptimization events (20 events):
Event: 6.790 Thread 0x000001539a9aeb90 Uncommon trap: trap_request=0xffffff45 fr.pc=0x00000153a5b35a88 relative=0x00000000000003e8
Event: 6.790 Thread 0x000001539a9aeb90 Uncommon trap: reason=unstable_if action=reinterpret pc=0x00000153a5b35a88 method=java.lang.AbstractStringBuilder.isLatin1()Z @ 10 c2
Event: 6.790 Thread 0x000001539a9aeb90 DEOPT PACKING pc=0x00000153a5b35a88 sp=0x000000137a3fec70
Event: 6.790 Thread 0x000001539a9aeb90 DEOPT UNPACKING pc=0x000001539e0a23a3 sp=0x000000137a3febf0 mode 2
Event: 6.790 Thread 0x000001539a9aeb90 Uncommon trap: trap_request=0xffffff45 fr.pc=0x00000153a5b3c15c relative=0x000000000000005c
Event: 6.790 Thread 0x000001539a9aeb90 Uncommon trap: reason=unstable_if action=reinterpret pc=0x00000153a5b3c15c method=java.lang.AbstractStringBuilder.isLatin1()Z @ 10 c2
Event: 6.790 Thread 0x000001539a9aeb90 DEOPT PACKING pc=0x00000153a5b3c15c sp=0x000000137a3fec50
Event: 6.790 Thread 0x000001539a9aeb90 DEOPT UNPACKING pc=0x000001539e0a23a3 sp=0x000000137a3febe0 mode 2
Event: 6.793 Thread 0x000001539a9aeb90 Uncommon trap: trap_request=0xffffff45 fr.pc=0x00000153a5b251b8 relative=0x0000000000000038
Event: 6.793 Thread 0x000001539a9aeb90 Uncommon trap: reason=unstable_if action=reinterpret pc=0x00000153a5b251b8 method=java.lang.StringLatin1.canEncode(I)Z @ 4 c2
Event: 6.793 Thread 0x000001539a9aeb90 DEOPT PACKING pc=0x00000153a5b251b8 sp=0x000000137a3febf0
Event: 6.793 Thread 0x000001539a9aeb90 DEOPT UNPACKING pc=0x000001539e0a23a3 sp=0x000000137a3feb80 mode 2
Event: 7.369 Thread 0x000001539a9aeb90 Uncommon trap: trap_request=0xffffff45 fr.pc=0x00000153a5b72674 relative=0x00000000000000d4
Event: 7.369 Thread 0x000001539a9aeb90 Uncommon trap: reason=unstable_if action=reinterpret pc=0x00000153a5b72674 method=java.util.HashMap.hash(Ljava/lang/Object;)I @ 1 c2
Event: 7.369 Thread 0x000001539a9aeb90 DEOPT PACKING pc=0x00000153a5b72674 sp=0x000000137a3fba60
Event: 7.369 Thread 0x000001539a9aeb90 DEOPT UNPACKING pc=0x000001539e0a23a3 sp=0x000000137a3fb9a0 mode 2
Event: 7.460 Thread 0x000001539a9aeb90 Uncommon trap: trap_request=0xffffff45 fr.pc=0x00000153a5bbe184 relative=0x0000000000000ae4
Event: 7.460 Thread 0x000001539a9aeb90 Uncommon trap: reason=unstable_if action=reinterpret pc=0x00000153a5bbe184 method=java.util.jar.JarFile.getVersionedEntry(Ljava/lang/String;Ljava/util/jar/JarEntry;)Ljava/util/jar/JarEntry; @ 26 c2
Event: 7.460 Thread 0x000001539a9aeb90 DEOPT PACKING pc=0x00000153a5bbe184 sp=0x000000137a3fa070
Event: 7.460 Thread 0x000001539a9aeb90 DEOPT UNPACKING pc=0x000001539e0a23a3 sp=0x000000137a3f9fe0 mode 2

Classes unloaded (0 events):
No events

Classes redefined (0 events):
No events

Internal exceptions (20 events):
Event: 2.108 Thread 0x00000153b595f580 Exception <a 'java/lang/NoSuchMethodError'{0x00000000a75a9e00}: 'java.lang.Object java.lang.invoke.Invokers$Holder.linkToTargetMethod(java.lang.Object, java.lang.Object, int, java.lang.Object)'> (0x00000000a75a9e00) 
thrown [e:\jenkins\tmp\workspace\build\src\src\hotspot\share\interpreter\linkResolver.cpp, line 766]
Event: 2.134 Thread 0x00000153b595f580 Exception <a 'java/lang/NoSuchMethodError'{0x00000000a74f2f78}: 'void java.lang.invoke.DirectMethodHandle$Holder.invokeSpecial(java.lang.Object, java.lang.Object, java.lang.Object, java.lang.Object, java.lang.Object)'> (0x00000000a74f2f78) 
thrown [e:\jenkins\tmp\workspace\build\src\src\hotspot\share\interpreter\linkResolver.cpp, line 766]
Event: 4.332 Thread 0x00000153b595fa50 Exception <a 'java/lang/NoSuchMethodError'{0x00000000a7299fc0}: 'void java.lang.invoke.DirectMethodHandle$Holder.invokeSpecial(java.lang.Object, java.lang.Object, java.lang.Object, java.lang.Object, java.lang.Object, java.lang.Object, java.lang.Object)'> (0x00000000a7299fc0) 
thrown [e:\jenkins\tmp\workspace\build\src\src\hotspot\share\interpreter\linkResolver.cpp, line 766]
Event: 4.404 Thread 0x000001539a9aeb90 Exception <a 'java/lang/NoSuchMethodError'{0x00000000a710e118}: 'java.lang.Object java.lang.invoke.DirectMethodHandle$Holder.invokeSpecialIFC(java.lang.Object, java.lang.Object, java.lang.Object)'> (0x00000000a710e118) 
thrown [e:\jenkins\tmp\workspace\build\src\src\hotspot\share\interpreter\linkResolver.cpp, line 766]
Event: 6.239 Thread 0x000001539a9aeb90 Exception <a 'java/lang/NoSuchMethodError'{0x00000000a6ba7c20}: 'void java.lang.invoke.DelegatingMethodHandle$Holder.delegate(java.lang.Object, java.lang.Object, int, java.lang.Object)'> (0x00000000a6ba7c20) 
thrown [e:\jenkins\tmp\workspace\build\src\src\hotspot\share\interpreter\linkResolver.cpp, line 766]
Event: 6.251 Thread 0x000001539a9aeb90 Exception <a 'java/lang/NoSuchMethodError'{0x00000000a6bc1eb8}: 'java.lang.Object java.lang.invoke.Invokers$Holder.invokeExact_MT(java.lang.Object, java.lang.Object, java.lang.Object, java.lang.Object)'> (0x00000000a6bc1eb8) 
thrown [e:\jenkins\tmp\workspace\build\src\src\hotspot\share\interpreter\linkResolver.cpp, line 766]
Event: 6.253 Thread 0x000001539a9aeb90 Exception <a 'java/lang/NoSuchMethodError'{0x00000000a6bc5c30}: 'java.lang.Object java.lang.invoke.Invokers$Holder.invokeExact_MT(java.lang.Object, java.lang.Object, java.lang.Object)'> (0x00000000a6bc5c30) 
thrown [e:\jenkins\tmp\workspace\build\src\src\hotspot\share\interpreter\linkResolver.cpp, line 766]
Event: 6.257 Thread 0x000001539a9aeb90 Exception <a 'java/lang/NoSuchMethodError'{0x00000000a6bd09f8}: 'java.lang.Object java.lang.invoke.DirectMethodHandle$Holder.newInvokeSpecial(java.lang.Object, int, java.lang.Object)'> (0x00000000a6bd09f8) 
thrown [e:\jenkins\tmp\workspace\build\src\src\hotspot\share\interpreter\linkResolver.cpp, line 766]
Event: 6.273 Thread 0x000001539a9aeb90 Exception <a 'java/lang/IncompatibleClassChangeError'{0x00000000a6bf6368}: Found class java.lang.Object, but interface was expected> (0x00000000a6bf6368) 
thrown [e:\jenkins\tmp\workspace\build\src\src\hotspot\share\interpreter\linkResolver.cpp, line 833]
Event: 6.636 Thread 0x000001539a9aeb90 Exception <a 'java/lang/NoSuchMethodError'{0x00000000a3af8530}: 'void java.lang.invoke.DirectMethodHandle$Holder.invokeVirtual(java.lang.Object, java.lang.Object, java.lang.Object, java.lang.Object)'> (0x00000000a3af8530) 
thrown [e:\jenkins\tmp\workspace\build\src\src\hotspot\share\interpreter\linkResolver.cpp, line 766]
Event: 6.697 Thread 0x000001539a9aeb90 Exception <a 'java/lang/NoSuchMethodError'{0x00000000a39336f8}: 'void java.lang.invoke.DirectMethodHandle$Holder.invokeStatic(java.lang.Object, java.lang.Object, java.lang.Object, int)'> (0x00000000a39336f8) 
thrown [e:\jenkins\tmp\workspace\build\src\src\hotspot\share\interpreter\linkResolver.cpp, line 766]
Event: 6.698 Thread 0x000001539a9aeb90 Exception <a 'java/lang/NoSuchMethodError'{0x00000000a3936e60}: 'void java.lang.invoke.DirectMethodHandle$Holder.invokeStaticInit(java.lang.Object, java.lang.Object, java.lang.Object, int)'> (0x00000000a3936e60) 
thrown [e:\jenkins\tmp\workspace\build\src\src\hotspot\share\interpreter\linkResolver.cpp, line 766]
Event: 6.939 Thread 0x000001539a9aeb90 Exception <a 'java/lang/NoSuchMethodError'{0x00000000a36aa2d0}: 'java.lang.Object java.lang.invoke.DirectMethodHandle$Holder.invokeStaticInit(java.lang.Object, java.lang.Object, java.lang.Object)'> (0x00000000a36aa2d0) 
thrown [e:\jenkins\tmp\workspace\build\src\src\hotspot\share\interpreter\linkResolver.cpp, line 766]
Event: 6.942 Thread 0x000001539a9aeb90 Exception <a 'java/lang/NoSuchMethodError'{0x00000000a36b0330}: 'java.lang.Object java.lang.invoke.DirectMethodHandle$Holder.invokeStatic(java.lang.Object, java.lang.Object, int, int)'> (0x00000000a36b0330) 
thrown [e:\jenkins\tmp\workspace\build\src\src\hotspot\share\interpreter\linkResolver.cpp, line 766]
Event: 6.944 Thread 0x000001539a9aeb90 Exception <a 'java/lang/NoSuchMethodError'{0x00000000a36b39d0}: 'java.lang.Object java.lang.invoke.DirectMethodHandle$Holder.invokeStaticInit(java.lang.Object, java.lang.Object, int, int)'> (0x00000000a36b39d0) 
thrown [e:\jenkins\tmp\workspace\build\src\src\hotspot\share\interpreter\linkResolver.cpp, line 766]
Event: 7.369 Thread 0x000001539a9aeb90 Implicit null exception at 0x00000153a5b725d8 to 0x00000153a5b7266a
Event: 7.507 Thread 0x000001539a9aeb90 Exception <a 'java/lang/NoSuchMethodError'{0x00000000a2d68ea8}: 'java.lang.Object java.lang.invoke.DirectMethodHandle$Holder.newInvokeSpecial(java.lang.Object, java.lang.Object, int, java.lang.Object)'> (0x00000000a2d68ea8) 
thrown [e:\jenkins\tmp\workspace\build\src\src\hotspot\share\interpreter\linkResolver.cpp, line 766]
Event: 7.508 Thread 0x000001539a9aeb90 Exception <a 'java/lang/NoSuchMethodError'{0x00000000a2d6cf98}: 'java.lang.Object java.lang.invoke.DirectMethodHandle$Holder.invokeSpecial(java.lang.Object, java.lang.Object, java.lang.Object, int, java.lang.Object)'> (0x00000000a2d6cf98) 
thrown [e:\jenkins\tmp\workspace\build\src\src\hotspot\share\interpreter\linkResolver.cpp, line 766]
Event: 7.508 Thread 0x000001539a9aeb90 Exception <a 'java/lang/NoSuchMethodError'{0x00000000a2d70e08}: 'java.lang.Object java.lang.invoke.Invokers$Holder.linkToTargetMethod(java.lang.Object, int, java.lang.Object, java.lang.Object)'> (0x00000000a2d70e08) 
thrown [e:\jenkins\tmp\workspace\build\src\src\hotspot\share\interpreter\linkResolver.cpp, line 766]
Event: 7.516 Thread 0x000001539a9aeb90 Exception <a 'java/lang/NoSuchMethodError'{0x00000000a2dcb7f8}: 'void java.lang.invoke.DirectMethodHandle$Holder.invokeVirtual(java.lang.Object, java.lang.Object)'> (0x00000000a2dcb7f8) 
thrown [e:\jenkins\tmp\workspace\build\src\src\hotspot\share\interpreter\linkResolver.cpp, line 766]

VM Operations (20 events):
Event: 6.214 Executing VM operation: Cleanup
Event: 6.215 Executing VM operation: Cleanup done
Event: 6.236 Executing VM operation: HandshakeAllThreads
Event: 6.236 Executing VM operation: HandshakeAllThreads done
Event: 6.314 Executing VM operation: CollectForMetadataAllocation
Event: 6.319 Executing VM operation: CollectForMetadataAllocation done
Event: 6.324 Executing VM operation: G1Concurrent
Event: 6.326 Executing VM operation: G1Concurrent done
Event: 6.328 Executing VM operation: G1Concurrent
Event: 6.329 Executing VM operation: G1Concurrent done
Event: 7.333 Executing VM operation: Cleanup
Event: 7.333 Executing VM operation: Cleanup done
Event: 7.502 Executing VM operation: HandshakeAllThreads
Event: 7.502 Executing VM operation: HandshakeAllThreads done
Event: 7.521 Executing VM operation: G1CollectForAllocation
Event: 7.524 Executing VM operation: G1CollectForAllocation done
Event: 7.527 Executing VM operation: G1CollectForAllocation
Event: 7.532 Executing VM operation: G1CollectForAllocation done
Event: 7.567 Executing VM operation: G1CollectForAllocation
Event: 7.569 Executing VM operation: G1CollectForAllocation done

Events (20 events):
Event: 7.457 loading class java/util/stream/AbstractSpinedBuffer
Event: 7.457 loading class java/util/stream/AbstractSpinedBuffer done
Event: 7.457 loading class java/util/stream/SpinedBuffer done
Event: 7.457 loading class java/util/stream/Nodes$SpinedNodeBuilder done
Event: 7.459 loading class java/util/ResourceBundle$Control$2
Event: 7.459 loading class java/util/ResourceBundle$Control$2 done
Event: 7.460 loading class java/util/PropertyResourceBundle
Event: 7.461 loading class java/util/PropertyResourceBundle done
Event: 7.461 loading class sun/util/PropertyResourceBundleCharset
Event: 7.461 loading class sun/util/PropertyResourceBundleCharset done
Event: 7.461 loading class sun/util/PropertyResourceBundleCharset$PropertiesFileDecoder
Event: 7.461 loading class sun/util/PropertyResourceBundleCharset$PropertiesFileDecoder done
Event: 7.482 loading class jdk/internal/reflect/UnsafeFieldAccessorFactory
Event: 7.482 loading class jdk/internal/reflect/UnsafeFieldAccessorFactory done
Event: 7.482 loading class jdk/internal/reflect/UnsafeQualifiedStaticObjectFieldAccessorImpl
Event: 7.483 loading class jdk/internal/reflect/UnsafeQualifiedStaticFieldAccessorImpl
Event: 7.483 loading class jdk/internal/reflect/UnsafeQualifiedStaticFieldAccessorImpl done
Event: 7.483 loading class jdk/internal/reflect/UnsafeQualifiedStaticObjectFieldAccessorImpl done
Event: 7.502 loading class java/io/UTFDataFormatException
Event: 7.502 loading class java/io/UTFDataFormatException done


Dynamic libraries:
0x00007ff625dc0000 - 0x00007ff625dce000 	C:\Users\ranji\Music\eclipse\plugins\org.eclipse.justj.openjdk.hotspot.jre.full.win32.x86_64_17.0.2.v20220201-1208\jre\bin\javaw.exe
0x00007ffcf8c50000 - 0x00007ffcf8e66000 	C:\WINDOWS\SYSTEM32\ntdll.dll
0x00007ffcf7cf0000 - 0x00007ffcf7db4000 	C:\WINDOWS\System32\KERNEL32.DLL
0x00007ffcf6440000 - 0x00007ffcf67e6000 	C:\WINDOWS\System32\KERNELBASE.dll
0x00007ffcf5fc0000 - 0x00007ffcf60d1000 	C:\WINDOWS\System32\ucrtbase.dll
0x00007ffcf0430000 - 0x00007ffcf0448000 	C:\Users\ranji\Music\eclipse\plugins\org.eclipse.justj.openjdk.hotspot.jre.full.win32.x86_64_17.0.2.v20220201-1208\jre\bin\jli.dll
0x00007ffcf0410000 - 0x00007ffcf0429000 	C:\Users\ranji\Music\eclipse\plugins\org.eclipse.justj.openjdk.hotspot.jre.full.win32.x86_64_17.0.2.v20220201-1208\jre\bin\VCRUNTIME140.dll
0x00007ffcf6b10000 - 0x00007ffcf6cbd000 	C:\WINDOWS\System32\USER32.dll
0x00007ffcf60e0000 - 0x00007ffcf6106000 	C:\WINDOWS\System32\win32u.dll
0x00007ffce61e0000 - 0x00007ffce6473000 	C:\WINDOWS\WinSxS\amd64_microsoft.windows.common-controls_6595b64144ccf1df_6.0.22621.3235_none_270f74e173860f98\COMCTL32.dll
0x00007ffcf8880000 - 0x00007ffcf8927000 	C:\WINDOWS\System32\msvcrt.dll
0x00007ffcf81e0000 - 0x00007ffcf8209000 	C:\WINDOWS\System32\GDI32.dll
0x00007ffcf61b0000 - 0x00007ffcf62c8000 	C:\WINDOWS\System32\gdi32full.dll
0x00007ffcf6110000 - 0x00007ffcf61aa000 	C:\WINDOWS\System32\msvcp_win.dll
0x00007ffcf84d0000 - 0x00007ffcf8501000 	C:\WINDOWS\System32\IMM32.DLL
0x00007ffcf3000000 - 0x00007ffcf300c000 	C:\Users\ranji\Music\eclipse\plugins\org.eclipse.justj.openjdk.hotspot.jre.full.win32.x86_64_17.0.2.v20220201-1208\jre\bin\vcruntime140_1.dll
0x00007ffcf0370000 - 0x00007ffcf0401000 	C:\Users\ranji\Music\eclipse\plugins\org.eclipse.justj.openjdk.hotspot.jre.full.win32.x86_64_17.0.2.v20220201-1208\jre\bin\msvcp140.dll
0x00007ffc98250000 - 0x00007ffc98e97000 	C:\Users\ranji\Music\eclipse\plugins\org.eclipse.justj.openjdk.hotspot.jre.full.win32.x86_64_17.0.2.v20220201-1208\jre\bin\server\jvm.dll
0x00007ffcf69a0000 - 0x00007ffcf6a52000 	C:\WINDOWS\System32\ADVAPI32.dll
0x00007ffcf8270000 - 0x00007ffcf8318000 	C:\WINDOWS\System32\sechost.dll
0x00007ffcf5f90000 - 0x00007ffcf5fb8000 	C:\WINDOWS\System32\bcrypt.dll
0x00007ffcf83b0000 - 0x00007ffcf84c5000 	C:\WINDOWS\System32\RPCRT4.dll
0x00007ffcf6db0000 - 0x00007ffcf6db8000 	C:\WINDOWS\System32\PSAPI.DLL
0x00007ffcd26e0000 - 0x00007ffcd26e9000 	C:\WINDOWS\SYSTEM32\WSOCK32.dll
0x00007ffcee960000 - 0x00007ffcee994000 	C:\WINDOWS\SYSTEM32\WINMM.dll
0x00007ffceef30000 - 0x00007ffceef3a000 	C:\WINDOWS\SYSTEM32\VERSION.dll
0x00007ffcf8930000 - 0x00007ffcf89a1000 	C:\WINDOWS\System32\WS2_32.dll
0x00007ffcf4fd0000 - 0x00007ffcf4fe8000 	C:\WINDOWS\SYSTEM32\kernel.appcore.dll
0x00007ffcf15b0000 - 0x00007ffcf15ba000 	C:\Users\ranji\Music\eclipse\plugins\org.eclipse.justj.openjdk.hotspot.jre.full.win32.x86_64_17.0.2.v20220201-1208\jre\bin\jimage.dll
0x00007ffceceb0000 - 0x00007ffced0e3000 	C:\WINDOWS\SYSTEM32\DBGHELP.DLL
0x00007ffcf7de0000 - 0x00007ffcf8168000 	C:\WINDOWS\System32\combase.dll
0x00007ffcf6cd0000 - 0x00007ffcf6da7000 	C:\WINDOWS\System32\OLEAUT32.dll
0x00007ffcd3a20000 - 0x00007ffcd3a52000 	C:\WINDOWS\SYSTEM32\dbgcore.DLL
0x00007ffcf67f0000 - 0x00007ffcf686a000 	C:\WINDOWS\System32\bcryptPrimitives.dll
0x00007ffce9590000 - 0x00007ffce95b5000 	C:\Users\ranji\Music\eclipse\plugins\org.eclipse.justj.openjdk.hotspot.jre.full.win32.x86_64_17.0.2.v20220201-1208\jre\bin\java.dll
0x00007ffce9570000 - 0x00007ffce9588000 	C:\Users\ranji\Music\eclipse\plugins\org.eclipse.justj.openjdk.hotspot.jre.full.win32.x86_64_17.0.2.v20220201-1208\jre\bin\zip.dll
0x00007ffcf6dc0000 - 0x00007ffcf761d000 	C:\WINDOWS\System32\SHELL32.dll
0x00007ffcf3ef0000 - 0x00007ffcf47e8000 	C:\WINDOWS\SYSTEM32\windows.storage.dll
0x00007ffcf3db0000 - 0x00007ffcf3eee000 	C:\WINDOWS\SYSTEM32\wintypes.dll
0x00007ffcf8b10000 - 0x00007ffcf8c03000 	C:\WINDOWS\System32\SHCORE.dll
0x00007ffcf6ab0000 - 0x00007ffcf6b0e000 	C:\WINDOWS\System32\shlwapi.dll
0x00007ffcf5ec0000 - 0x00007ffcf5ee6000 	C:\WINDOWS\SYSTEM32\profapi.dll
0x00007ffcf1410000 - 0x00007ffcf1420000 	C:\Users\ranji\Music\eclipse\plugins\org.eclipse.justj.openjdk.hotspot.jre.full.win32.x86_64_17.0.2.v20220201-1208\jre\bin\verify.dll
0x00007ffce9550000 - 0x00007ffce9569000 	C:\Users\ranji\Music\eclipse\plugins\org.eclipse.justj.openjdk.hotspot.jre.full.win32.x86_64_17.0.2.v20220201-1208\jre\bin\net.dll
0x00007ffceed30000 - 0x00007ffceee67000 	C:\WINDOWS\SYSTEM32\WINHTTP.dll
0x00007ffcf5450000 - 0x00007ffcf54b9000 	C:\WINDOWS\system32\mswsock.dll
0x00007ffce9530000 - 0x00007ffce9545000 	C:\Users\ranji\Music\eclipse\plugins\org.eclipse.justj.openjdk.hotspot.jre.full.win32.x86_64_17.0.2.v20220201-1208\jre\bin\nio.dll
0x00007ffcf4ac0000 - 0x00007ffcf4bb9000 	C:\WINDOWS\SYSTEM32\DNSAPI.dll
0x00007ffcf4a50000 - 0x00007ffcf4a7d000 	C:\WINDOWS\SYSTEM32\IPHLPAPI.DLL
0x00007ffcf77e0000 - 0x00007ffcf77e9000 	C:\WINDOWS\System32\NSI.dll
0x00007ffce23a0000 - 0x00007ffce23aa000 	C:\Windows\System32\rasadhlp.dll
0x00007ffcecb90000 - 0x00007ffcecc13000 	C:\WINDOWS\System32\fwpuclnt.dll
0x00007ffcf56a0000 - 0x00007ffcf56bb000 	C:\WINDOWS\SYSTEM32\CRYPTSP.dll
0x00007ffcf4f30000 - 0x00007ffcf4f65000 	C:\WINDOWS\system32\rsaenh.dll
0x00007ffcf5540000 - 0x00007ffcf556c000 	C:\WINDOWS\SYSTEM32\USERENV.dll
0x00007ffcf56c0000 - 0x00007ffcf56cc000 	C:\WINDOWS\SYSTEM32\CRYPTBASE.dll
0x00007ffceef40000 - 0x00007ffceef59000 	C:\WINDOWS\SYSTEM32\dhcpcsvc6.DLL
0x00007ffceebb0000 - 0x00007ffceebcf000 	C:\WINDOWS\SYSTEM32\dhcpcsvc.DLL
0x00007ffce9110000 - 0x00007ffce911e000 	C:\Users\ranji\Music\eclipse\plugins\org.eclipse.justj.openjdk.hotspot.jre.full.win32.x86_64_17.0.2.v20220201-1208\jre\bin\sunmscapi.dll
0x00007ffcf62d0000 - 0x00007ffcf6436000 	C:\WINDOWS\System32\CRYPT32.dll
0x00007ffcf5860000 - 0x00007ffcf588e000 	C:\WINDOWS\SYSTEM32\ncrypt.dll
0x00007ffcf5820000 - 0x00007ffcf5857000 	C:\WINDOWS\SYSTEM32\NTASN1.dll
0x00007ffcc6c70000 - 0x00007ffcc6c78000 	C:\WINDOWS\system32\wshunix.dll

dbghelp: loaded successfully - version: 4.0.5 - missing functions: none
symbol engine: initialized successfully - sym options: 0x614 - pdb path: .;C:\Users\ranji\Music\eclipse\plugins\org.eclipse.justj.openjdk.hotspot.jre.full.win32.x86_64_17.0.2.v20220201-1208\jre\bin;C:\WINDOWS\SYSTEM32;C:\WINDOWS\WinSxS\amd64_microsoft.windows.common-controls_6595b64144ccf1df_6.0.22621.3235_none_270f74e173860f98;C:\Users\ranji\Music\eclipse\plugins\org.eclipse.justj.openjdk.hotspot.jre.full.win32.x86_64_17.0.2.v20220201-1208\jre\bin\server

VM Arguments:
jvm_args: -Dfile.encoding=Cp1252 -XX:+ShowCodeDetailsInExceptionMessages 
java_command: Adminmodule.AdminCanApprovetheProductTest
java_class_path (initial): C:\Users\ranji\eclipse-workspace\com.Ecommerce.AlphaSophee\target\test-classes;C:\Users\ranji\eclipse-workspace\com.Ecommerce.AlphaSophee\target\classes;C:\Users\ranji\.m2\repository\org\seleniumhq\selenium\selenium-java\4.18.1\selenium-java-4.18.1.jar;C:\Users\ranji\.m2\repository\org\seleniumhq\selenium\selenium-api\4.18.1\selenium-api-4.18.1.jar;C:\Users\ranji\.m2\repository\org\seleniumhq\selenium\selenium-chrome-driver\4.18.1\selenium-chrome-driver-4.18.1.jar;C:\Users\ranji\.m2\repository\com\google\auto\service\auto-service-annotations\1.1.1\auto-service-annotations-1.1.1.jar;C:\Users\ranji\.m2\repository\org\seleniumhq\selenium\selenium-chromium-driver\4.18.1\selenium-chromium-driver-4.18.1.jar;C:\Users\ranji\.m2\repository\org\seleniumhq\selenium\selenium-json\4.18.1\selenium-json-4.18.1.jar;C:\Users\ranji\.m2\repository\org\seleniumhq\selenium\selenium-manager\4.18.1\selenium-manager-4.18.1.jar;C:\Users\ranji\.m2\repository\org\seleniumhq\selenium\selenium-devtools-v120\4.18.1\selenium-devtools-v120-4.18.1.jar;C:\Users\ranji\.m2\repository\org\seleniumhq\selenium\selenium-devtools-v121\4.18.1\selenium-devtools-v121-4.18.1.jar;C:\Users\ranji\.m2\repository\org\seleniumhq\selenium\selenium-devtools-v122\4.18.1\selenium-devtools-v122-4.18.1.jar;C:\Users\ranji\.m2\repository\org\seleniumhq\selenium\selenium-devtools-v85\4.18.1\selenium-devtools-v85-4.18.1.jar;C:\Users\ranji\.m2\repository\org\seleniumhq\selenium\selenium-edge-driver\4.18.1\selenium-edge-driver-4.18.1.jar;C:\Users\ranji\.m2\repository\org\seleniumhq\selenium\selenium-firefox-driver\4.18.1\selenium-firefox-driver-4.18.1.jar;C:\Users\ranji\.m2\repository\org\seleniumhq\selenium\selenium-http\4.18.1\selenium-http-4.18.1.jar;C:\Users\ranji\.m2\repository\dev\failsafe\failsafe\3.3.2\failsafe-3.3.2.jar;C:\Users\ranji\.m2\repository\org\seleniumhq\selenium\selenium-ie-driver\4.18.1\selenium-ie-driver-4.18.1.jar;C:\Users\ranji\.m2\repository\org\seleniumhq\selenium\selenium-
Launcher Type: SUN_STANDARD

[Global flags]
     intx CICompilerCount                          = 4                                         {product} {ergonomic}
     uint ConcGCThreads                            = 2                                         {product} {ergonomic}
     uint G1ConcRefinementThreads                  = 8                                         {product} {ergonomic}
   size_t G1HeapRegionSize                         = 1048576                                   {product} {ergonomic}
    uintx GCDrainStackTargetSize                   = 64                                        {product} {ergonomic}
   size_t InitialHeapSize                          = 100663296                                 {product} {ergonomic}
   size_t MarkStackSize                            = 4194304                                   {product} {ergonomic}
   size_t MaxHeapSize                              = 1581252608                                {product} {ergonomic}
   size_t MaxNewSize                               = 947912704                                 {product} {ergonomic}
   size_t MinHeapDeltaBytes                        = 1048576                                   {product} {ergonomic}
   size_t MinHeapSize                              = 8388608                                   {product} {ergonomic}
    uintx NonNMethodCodeHeapSize                   = 5839372                                {pd product} {ergonomic}
    uintx NonProfiledCodeHeapSize                  = 122909434                              {pd product} {ergonomic}
    uintx ProfiledCodeHeapSize                     = 122909434                              {pd product} {ergonomic}
    uintx ReservedCodeCacheSize                    = 251658240                              {pd product} {ergonomic}
     bool SegmentedCodeCache                       = true                                      {product} {ergonomic}
     bool ShowCodeDetailsInExceptionMessages       = true                                   {manageable} {command line}
   size_t SoftMaxHeapSize                          = 1581252608                             {manageable} {ergonomic}
     bool UseCompressedClassPointers               = true                           {product lp64_product} {ergonomic}
     bool UseCompressedOops                        = true                           {product lp64_product} {ergonomic}
     bool UseG1GC                                  = true                                      {product} {ergonomic}
     bool UseLargePagesIndividualAllocation        = false                                  {pd product} {ergonomic}

Logging:
Log output configuration:
 #0: stdout all=warning uptime,level,tags
 #1: stderr all=off uptime,level,tags

Environment Variables:
JAVA_HOME=C:\Program Files\Java\jdk-17
PATH=C:/Users/ranji/Music/eclipse//plugins/org.eclipse.justj.openjdk.hotspot.jre.full.win32.x86_64_17.0.2.v20220201-1208/jre/bin/server;C:/Users/ranji/Music/eclipse//plugins/org.eclipse.justj.openjdk.hotspot.jre.full.win32.x86_64_17.0.2.v20220201-1208/jre/bin;C:\Program Files\Common Files\Oracle\Java\javapath;C:\oracle\product\10.2.0\db_1\bin;C:\WINDOWS\system32;C:\WINDOWS;C:\WINDOWS\System32\Wbem;C:\WINDOWS\System32\WindowsPowerShell\v1.0\;C:\WINDOWS\System32\OpenSSH\;C:\Program Files\dotnet\;C:\Program Files\Microsoft SQL Server\Client SDK\ODBC\170\Tools\Binn\;C:\Program Files (x86)\Microsoft SQL Server\150\Tools\Binn\;C:\Program Files\Microsoft SQL Server\150\Tools\Binn\;C:\Program Files\Microsoft SQL Server\150\DTS\Binn\;C:\Program Files (x86)\Microsoft SQL Server\150\DTS\Binn\;C:\Program Files\Azure Data Studio\bin;C:\Program Files\apache-maven-3.9.5\bin;C:\Program Files\Java\jdk-17\bin;C:\Program Files\nodejs\;C:\ProgramData\chocolatey\bin;C:\Users\ranji\Downloads\apache-maven-3.9.6-bin\apache-maven-3.9.6\bin;C:\Program Files\Git\cmd;C:\Program Files\MySQL\MySQL Shell 8.0\bin\;C:\Users\ranji\AppData\Local\Microsoft\WindowsApps;C:\Program Files\Azure Data Studio\bin;C:\Program Files\apache-maven-3.9.5\bin;C:\Program Files\Java\jdk-17\bin;C:\Users\ranji\AppData\Roaming\npm;C:\Users\ranji\Music\eclipse;
USERNAME=ranji
OS=Windows_NT
PROCESSOR_IDENTIFIER=AMD64 Family 23 Model 24 Stepping 1, AuthenticAMD



---------------  S Y S T E M  ---------------

OS:
 Windows 11 , 64 bit Build 22621 (10.0.22621.3235)
OS uptime: 14 days 8:22 hours

CPU: total 8 (initial active 8) (8 cores per cpu, 2 threads per core) family 23 model 24 stepping 1 microcode 0x0, cx8, cmov, fxsr, ht, mmx, 3dnowpref, sse, sse2, sse3, ssse3, sse4a, sse4.1, sse4.2, popcnt, lzcnt, tsc, tscinvbit, avx, avx2, aes, clmul, bmi1, bmi2, adx, sha, fma, vzeroupper, clflush, clflushopt

Memory: 4k page, system-wide physical 6030M (365M free)
TotalPageFile size 24462M (AvailPageFile size 3M)
current process WorkingSet (physical memory assigned to process): 119M, peak: 119M
current process commit charge ("private bytes"): 154M, peak: 201M

vm_info: OpenJDK 64-Bit Server VM (17.0.2+8) for windows-amd64 JRE (17.0.2+8), built on Jan 20 2022 04:52:34 by "" with MS VC++ 16.7 (VS2019)

END.
