#
# There is insufficient memory for the Java Runtime Environment to continue.
# Native memory allocation (mmap) failed to map 65536 bytes for Failed to commit metaspace.
# Possible reasons:
#   The system is out of physical RAM or swap space
#   The process is running with CompressedOops enabled, and the Java Heap may be blocking the growth of the native heap
# Possible solutions:
#   Reduce memory load on the system
#   Increase physical memory or swap space
#   Check if swap backing store is full
#   Decrease Java heap size (-Xmx/-Xms)
#   Decrease number of Java threads
#   Decrease Java thread stack sizes (-Xss)
#   Set larger code cache with -XX:ReservedCodeCacheSize=
#   JVM is running with Unscaled Compressed Oops mode in which the Java heap is
#     placed in the first 4GB address space. The Java Heap base address is the
#     maximum limit for the native heap growth. Please use -XX:HeapBaseMinAddress
#     to set the Java Heap base and to place the Java Heap above 4GB virtual address.
# This output file may be truncated or incomplete.
#
#  Out of Memory Error (virtualSpaceNode.cpp:110), pid=29276, tid=36496
#
# JRE version: OpenJDK Runtime Environment Temurin-17.0.2+8 (17.0.2+8) (build 17.0.2+8)
# Java VM: OpenJDK 64-Bit Server VM Temurin-17.0.2+8 (17.0.2+8, mixed mode, tiered, compressed oops, compressed class ptrs, g1 gc, windows-amd64)
# No core dump will be written. Minidumps are not enabled by default on client versions of Windows
#

---------------  S U M M A R Y ------------

Command Line: -Dfile.encoding=Cp1252 -XX:+ShowCodeDetailsInExceptionMessages Adminmodule.AdminCanApprovetheProductTest

Host: AMD Ryzen 5 3450U with Radeon Vega Mobile Gfx  , 8 cores, 5G,  Windows 11 , 64 bit Build 22621 (10.0.22621.3235)
Time: Fri Mar 29 17:42:08 2024 India Standard Time elapsed time: 6.036912 seconds (0d 0h 0m 6s)

---------------  T H R E A D  ---------------

Current thread (0x0000021a275bccc0):  JavaThread "main" [_thread_in_vm, id=36496, stack(0x000000b252600000,0x000000b252700000)]

Stack: [0x000000b252600000,0x000000b252700000]
Native frames: (J=compiled Java code, j=interpreted, Vv=VM code, C=native code)
V  [jvm.dll+0x67564a]
V  [jvm.dll+0x82fc04]
V  [jvm.dll+0x8313ae]
V  [jvm.dll+0x831a13]
V  [jvm.dll+0x245235]
V  [jvm.dll+0x82bbab]
V  [jvm.dll+0x61a336]
V  [jvm.dll+0x1c016e]
V  [jvm.dll+0x61cc81]
V  [jvm.dll+0x61acd6]
V  [jvm.dll+0x36b092]
V  [jvm.dll+0x1e1b4b]
V  [jvm.dll+0x53b709]
V  [jvm.dll+0x7aad88]
V  [jvm.dll+0x7aae74]
V  [jvm.dll+0x40c2f5]
V  [jvm.dll+0x4124e8]
C  [java.dll+0x17ec]

Java frames: (J=compiled Java code, j=interpreted, Vv=VM code)
J 887  java.lang.ClassLoader.defineClass1(Ljava/lang/ClassLoader;Ljava/lang/String;[BIILjava/security/ProtectionDomain;Ljava/lang/String;)Ljava/lang/Class; java.base@17.0.2 (0 bytes) @ 0x0000021a3277485b [0x0000021a327747a0+0x00000000000000bb]
J 1431 c1 java.lang.ClassLoader.defineClass(Ljava/lang/String;[BIILjava/security/ProtectionDomain;)Ljava/lang/Class; java.base@17.0.2 (43 bytes) @ 0x0000021a2b473e44 [0x0000021a2b473b00+0x0000000000000344]
J 1876 c1 java.security.SecureClassLoader.defineClass(Ljava/lang/String;[BIILjava/security/CodeSource;)Ljava/lang/Class; java.base@17.0.2 (16 bytes) @ 0x0000021a2b58010c [0x0000021a2b580040+0x00000000000000cc]
J 1657 c1 jdk.internal.loader.BuiltinClassLoader.defineClass(Ljava/lang/String;Ljdk/internal/loader/Resource;)Ljava/lang/Class; java.base@17.0.2 (121 bytes) @ 0x0000021a2b5058dc [0x0000021a2b504a00+0x0000000000000edc]
J 817 c1 jdk.internal.loader.BuiltinClassLoader.findClassOnClassPathOrNull(Ljava/lang/String;)Ljava/lang/Class; java.base@17.0.2 (64 bytes) @ 0x0000021a2b350c24 [0x0000021a2b34fbe0+0x0000000000001044]
J 434 c1 jdk.internal.loader.BuiltinClassLoader.loadClassOrNull(Ljava/lang/String;Z)Ljava/lang/Class; java.base@17.0.2 (143 bytes) @ 0x0000021a2b2a0b84 [0x0000021a2b29fcc0+0x0000000000000ec4]
J 598 c1 jdk.internal.loader.ClassLoaders$AppClassLoader.loadClass(Ljava/lang/String;Z)Ljava/lang/Class; java.base@17.0.2 (40 bytes) @ 0x0000021a2b2f63f4 [0x0000021a2b2f5de0+0x0000000000000614]
J 586 c1 java.lang.ClassLoader.loadClass(Ljava/lang/String;)Ljava/lang/Class; java.base@17.0.2 (7 bytes) @ 0x0000021a2b2f2b3c [0x0000021a2b2f2a40+0x00000000000000fc]
v  ~StubRoutines::call_stub
J 887  java.lang.ClassLoader.defineClass1(Ljava/lang/ClassLoader;Ljava/lang/String;[BIILjava/security/ProtectionDomain;Ljava/lang/String;)Ljava/lang/Class; java.base@17.0.2 (0 bytes) @ 0x0000021a3277485b [0x0000021a327747a0+0x00000000000000bb]
J 1431 c1 java.lang.ClassLoader.defineClass(Ljava/lang/String;[BIILjava/security/ProtectionDomain;)Ljava/lang/Class; java.base@17.0.2 (43 bytes) @ 0x0000021a2b473e44 [0x0000021a2b473b00+0x0000000000000344]
J 1876 c1 java.security.SecureClassLoader.defineClass(Ljava/lang/String;[BIILjava/security/CodeSource;)Ljava/lang/Class; java.base@17.0.2 (16 bytes) @ 0x0000021a2b58010c [0x0000021a2b580040+0x00000000000000cc]
J 1657 c1 jdk.internal.loader.BuiltinClassLoader.defineClass(Ljava/lang/String;Ljdk/internal/loader/Resource;)Ljava/lang/Class; java.base@17.0.2 (121 bytes) @ 0x0000021a2b5058dc [0x0000021a2b504a00+0x0000000000000edc]
J 817 c1 jdk.internal.loader.BuiltinClassLoader.findClassOnClassPathOrNull(Ljava/lang/String;)Ljava/lang/Class; java.base@17.0.2 (64 bytes) @ 0x0000021a2b350c24 [0x0000021a2b34fbe0+0x0000000000001044]
J 434 c1 jdk.internal.loader.BuiltinClassLoader.loadClassOrNull(Ljava/lang/String;Z)Ljava/lang/Class; java.base@17.0.2 (143 bytes) @ 0x0000021a2b2a0b84 [0x0000021a2b29fcc0+0x0000000000000ec4]
J 598 c1 jdk.internal.loader.ClassLoaders$AppClassLoader.loadClass(Ljava/lang/String;Z)Ljava/lang/Class; java.base@17.0.2 (40 bytes) @ 0x0000021a2b2f63f4 [0x0000021a2b2f5de0+0x0000000000000614]
J 586 c1 java.lang.ClassLoader.loadClass(Ljava/lang/String;)Ljava/lang/Class; java.base@17.0.2 (7 bytes) @ 0x0000021a2b2f2b3c [0x0000021a2b2f2a40+0x00000000000000fc]
v  ~StubRoutines::call_stub
j  org.apache.poi.xssf.usermodel.XSSFRelation.<clinit>()V+216
v  ~StubRoutines::call_stub
j  org.apache.poi.xssf.usermodel.XSSFWorkbook.beforeDocumentRead()V+7
j  org.apache.poi.xssf.usermodel.XSSFWorkbook.<init>(Lorg/apache/poi/openxml4j/opc/OPCPackage;)V+46
j  org.apache.poi.xssf.usermodel.XSSFWorkbookFactory.createWorkbook(Lorg/apache/poi/openxml4j/opc/OPCPackage;)Lorg/apache/poi/xssf/usermodel/XSSFWorkbook;+5
j  org.apache.poi.xssf.usermodel.XSSFWorkbookFactory.create(Ljava/io/InputStream;)Lorg/apache/poi/xssf/usermodel/XSSFWorkbook;+6
j  org.apache.poi.xssf.usermodel.XSSFWorkbookFactory.create(Ljava/io/InputStream;)Lorg/apache/poi/ss/usermodel/Workbook;+2
j  org.apache.poi.ss.usermodel.WorkbookFactory.lambda$create$2(Ljava/io/InputStream;Lorg/apache/poi/ss/usermodel/WorkbookProvider;)Lorg/apache/poi/ss/usermodel/Workbook;+2
j  org.apache.poi.ss.usermodel.WorkbookFactory$$Lambda$482+0x0000000100286c08.create(Lorg/apache/poi/ss/usermodel/WorkbookProvider;)Lorg/apache/poi/ss/usermodel/Workbook;+5
j  org.apache.poi.ss.usermodel.WorkbookFactory.wp(Lorg/apache/poi/poifs/filesystem/FileMagic;Lorg/apache/poi/ss/usermodel/WorkbookFactory$ProviderMethod;)Lorg/apache/poi/ss/usermodel/Workbook;+43
j  org.apache.poi.ss.usermodel.WorkbookFactory.create(Ljava/io/InputStream;Ljava/lang/String;)Lorg/apache/poi/ss/usermodel/Workbook;+59
j  org.apache.poi.ss.usermodel.WorkbookFactory.create(Ljava/io/InputStream;)Lorg/apache/poi/ss/usermodel/Workbook;+2
j  Adminmodule.AdminCanApprovetheProductTest.main([Ljava/lang/String;)V+99
v  ~StubRoutines::call_stub

---------------  P R O C E S S  ---------------

Threads class SMR info:
_java_thread_list=0x0000021a425b9ef0, length=26, elements={
0x0000021a275bccc0, 0x0000021a401b4420, 0x0000021a401b5940, 0x0000021a402265b0,
0x0000021a40206050, 0x0000021a402092b0, 0x0000021a40c127b0, 0x0000021a40c1b550,
0x0000021a40c1bff0, 0x0000021a40c295d0, 0x0000021a40d8ddb0, 0x0000021a40da1000,
0x0000021a416b1440, 0x0000021a417a8070, 0x0000021a42460020, 0x0000021a424604f0,
0x0000021a425ad8a0, 0x0000021a42479460, 0x0000021a425ad010, 0x0000021a417f64b0,
0x0000021a425d6630, 0x0000021a425d57c0, 0x0000021a425d3fb0, 0x0000021a425d52f0,
0x0000021a425d6160, 0x0000021a425d5c90
}

Java Threads: ( => current thread )
=>0x0000021a275bccc0 JavaThread "main" [_thread_in_vm, id=36496, stack(0x000000b252600000,0x000000b252700000)]
  0x0000021a401b4420 JavaThread "Reference Handler" daemon [_thread_blocked, id=14708, stack(0x000000b252d00000,0x000000b252e00000)]
  0x0000021a401b5940 JavaThread "Finalizer" daemon [_thread_blocked, id=38672, stack(0x000000b252e00000,0x000000b252f00000)]
  0x0000021a402265b0 JavaThread "Signal Dispatcher" daemon [_thread_blocked, id=44604, stack(0x000000b252f00000,0x000000b253000000)]
  0x0000021a40206050 JavaThread "Attach Listener" daemon [_thread_blocked, id=44428, stack(0x000000b253000000,0x000000b253100000)]
  0x0000021a402092b0 JavaThread "Service Thread" daemon [_thread_blocked, id=13076, stack(0x000000b253100000,0x000000b253200000)]
  0x0000021a40c127b0 JavaThread "Monitor Deflation Thread" daemon [_thread_blocked, id=40184, stack(0x000000b253200000,0x000000b253300000)]
  0x0000021a40c1b550 JavaThread "C2 CompilerThread0" daemon [_thread_blocked, id=20092, stack(0x000000b253300000,0x000000b253400000)]
  0x0000021a40c1bff0 JavaThread "C1 CompilerThread0" daemon [_thread_blocked, id=30480, stack(0x000000b253400000,0x000000b253500000)]
  0x0000021a40c295d0 JavaThread "Sweeper thread" daemon [_thread_blocked, id=29788, stack(0x000000b253500000,0x000000b253600000)]
  0x0000021a40d8ddb0 JavaThread "Notification Thread" daemon [_thread_blocked, id=29136, stack(0x000000b253600000,0x000000b253700000)]
  0x0000021a40da1000 JavaThread "Common-Cleaner" daemon [_thread_blocked, id=46860, stack(0x000000b253800000,0x000000b253900000)]
  0x0000021a416b1440 JavaThread "ForkJoinPool.commonPool-worker-1" daemon [_thread_blocked, id=33144, stack(0x000000b253900000,0x000000b253a00000)]
  0x0000021a417a8070 JavaThread "HttpClient-1-SelectorManager" daemon [_thread_in_native, id=19908, stack(0x000000b254300000,0x000000b254400000)]
  0x0000021a42460020 JavaThread "External Process Output Forwarder - C:\Users\ranji\.cache\selenium\chromedriver\win64\123.0.6312.86\chromedriver.exe" daemon [_thread_in_native, id=45648, stack(0x000000b254400000,0x000000b254500000)]
  0x0000021a424604f0 JavaThread "Driver Service Executor" daemon [_thread_blocked, id=7696, stack(0x000000b254500000,0x000000b254600000)]
  0x0000021a425ad8a0 JavaThread "Driver Service Executor" daemon [_thread_in_native, id=28668, stack(0x000000b254600000,0x000000b254700000)]
  0x0000021a42479460 JavaThread "UrlChecker-2" daemon [_thread_blocked, id=21840, stack(0x000000b254700000,0x000000b254800000)]
  0x0000021a425ad010 JavaThread "Keep-Alive-Timer" daemon [_thread_blocked, id=22576, stack(0x000000b254900000,0x000000b254a00000)]
  0x0000021a417f64b0 JavaThread "pool-1-thread-1" [_thread_blocked, id=41388, stack(0x000000b254a00000,0x000000b254b00000)]
  0x0000021a425d6630 JavaThread "pool-1-thread-2" [_thread_blocked, id=30816, stack(0x000000b254b00000,0x000000b254c00000)]
  0x0000021a425d57c0 JavaThread "pool-1-thread-3" [_thread_blocked, id=43548, stack(0x000000b254c00000,0x000000b254d00000)]
  0x0000021a425d3fb0 JavaThread "HttpClient-2-SelectorManager" daemon [_thread_in_native, id=44460, stack(0x000000b254d00000,0x000000b254e00000)]
  0x0000021a425d52f0 JavaThread "pool-2-thread-1" [_thread_blocked, id=10376, stack(0x000000b254e00000,0x000000b254f00000)]
  0x0000021a425d6160 JavaThread "pool-2-thread-2" [_thread_blocked, id=43960, stack(0x000000b254f00000,0x000000b255000000)]
  0x0000021a425d5c90 JavaThread "pool-2-thread-3" [_thread_blocked, id=43460, stack(0x000000b255000000,0x000000b255100000)]

Other Threads:
  0x0000021a401e7610 VMThread "VM Thread" [stack: 0x000000b252c00000,0x000000b252d00000] [id=34972]
  0x0000021a40d90690 WatcherThread [stack: 0x000000b253700000,0x000000b253800000] [id=19740]
  0x0000021a275f4450 GCTaskThread "GC Thread#0" [stack: 0x000000b252700000,0x000000b252800000] [id=26628]
  0x0000021a424063a0 GCTaskThread "GC Thread#1" [stack: 0x000000b253a00000,0x000000b253b00000] [id=29512]
  0x0000021a424242a0 GCTaskThread "GC Thread#2" [stack: 0x000000b253b00000,0x000000b253c00000] [id=14648]
  0x0000021a42424550 GCTaskThread "GC Thread#3" [stack: 0x000000b253c00000,0x000000b253d00000] [id=24652]
  0x0000021a42424800 GCTaskThread "GC Thread#4" [stack: 0x000000b253d00000,0x000000b253e00000] [id=36576]
  0x0000021a42424ab0 GCTaskThread "GC Thread#5" [stack: 0x000000b253e00000,0x000000b253f00000] [id=28544]
  0x0000021a42424d60 GCTaskThread "GC Thread#6" [stack: 0x000000b253f00000,0x000000b254000000] [id=34432]
  0x0000021a42425c30 GCTaskThread "GC Thread#7" [stack: 0x000000b254000000,0x000000b254100000] [id=38908]
  0x0000021a27601010 ConcurrentGCThread "G1 Main Marker" [stack: 0x000000b252800000,0x000000b252900000] [id=40384]
  0x0000021a27601a20 ConcurrentGCThread "G1 Conc#0" [stack: 0x000000b252900000,0x000000b252a00000] [id=29516]
  0x0000021a425acc90 ConcurrentGCThread "G1 Conc#1" [stack: 0x000000b255100000,0x000000b255200000] [id=17224]
  0x0000021a27677b00 ConcurrentGCThread "G1 Refine#0" [stack: 0x000000b252a00000,0x000000b252b00000] [id=35520]
  0x0000021a417ab5f0 ConcurrentGCThread "G1 Refine#1" [stack: 0x000000b254100000,0x000000b254200000] [id=40048]
  0x0000021a417d0490 ConcurrentGCThread "G1 Refine#2" [stack: 0x000000b254200000,0x000000b254300000] [id=33584]
  0x0000021a2767ac10 ConcurrentGCThread "G1 Service" [stack: 0x000000b252b00000,0x000000b252c00000] [id=32464]

Threads with active compile tasks:

VM state: not at safepoint (normal execution)

VM Mutex/Monitor currently owned by a thread:  ([mutex/lock_event])
[0x0000021a275b5940] Metaspace_lock - owner thread: 0x0000021a275bccc0

Heap address: 0x00000000a1c00000, size: 1508 MB, Compressed Oops mode: 32-bit

CDS archive(s) not mapped
Compressed class space mapped at: 0x0000000100000000-0x0000000140000000, reserved size: 1073741824
Narrow klass base: 0x0000000000000000, Narrow klass shift: 3, Narrow klass range: 0x140000000

GC Precious Log:
 CPUs: 8 total, 8 available
 Memory: 6030M
 Large Page Support: Disabled
 NUMA Support: Disabled
 Compressed Oops: Enabled (32-bit)
 Heap Region Size: 1M
 Heap Min Capacity: 8M
 Heap Initial Capacity: 96M
 Heap Max Capacity: 1508M
 Pre-touch: Disabled
 Parallel Workers: 8
 Concurrent Workers: 2
 Concurrent Refinement Workers: 8
 Periodic GC: Disabled

Heap:
 garbage-first heap   total 37888K, used 19309K [0x00000000a1c00000, 0x0000000100000000)
  region size 1024K, 13 young (13312K), 2 survivors (2048K)
 Metaspace       used 25130K, committed 25344K, reserved 1073152K
  class space    used 2713K, committed 2816K, reserved 1048576K

Heap Regions: E=young(eden), S=young(survivor), O=old, HS=humongous(starts), HC=humongous(continues), CS=collection set, F=free, OA=open archive, CA=closed archive, TAMS=top-at-mark-start (previous, next)
|   0|0x00000000a1c00000, 0x00000000a1d00000, 0x00000000a1d00000|100%| O|  |TAMS 0x00000000a1d00000, 0x00000000a1c00000| Untracked 
|   1|0x00000000a1d00000, 0x00000000a1e00000, 0x00000000a1e00000|100%| O|  |TAMS 0x00000000a1e00000, 0x00000000a1d00000| Untracked 
|   2|0x00000000a1e00000, 0x00000000a1f00000, 0x00000000a1f00000|100%| O|  |TAMS 0x00000000a1f00000, 0x00000000a1e00000| Untracked 
|   3|0x00000000a1f00000, 0x00000000a2000000, 0x00000000a2000000|100%| O|  |TAMS 0x00000000a2000000, 0x00000000a1f00000| Untracked 
|   4|0x00000000a2000000, 0x00000000a2100000, 0x00000000a2100000|100%| O|  |TAMS 0x00000000a2049200, 0x00000000a2000000| Untracked 
|   5|0x00000000a2100000, 0x00000000a2200000, 0x00000000a2200000|100%| O|  |TAMS 0x00000000a2100000, 0x00000000a2100000| Untracked 
|   6|0x00000000a2200000, 0x00000000a2300000, 0x00000000a2300000|100%| O|  |TAMS 0x00000000a2200000, 0x00000000a2200000| Untracked 
|   7|0x00000000a2300000, 0x00000000a2383a00, 0x00000000a2400000| 51%| O|  |TAMS 0x00000000a2300000, 0x00000000a2300000| Complete 
|   8|0x00000000a2400000, 0x00000000a2400000, 0x00000000a2500000|  0%| F|  |TAMS 0x00000000a2400000, 0x00000000a2400000| Untracked 
|   9|0x00000000a2500000, 0x00000000a2500000, 0x00000000a2600000|  0%| F|  |TAMS 0x00000000a2500000, 0x00000000a2500000| Untracked 
|  10|0x00000000a2600000, 0x00000000a2600000, 0x00000000a2700000|  0%| F|  |TAMS 0x00000000a2600000, 0x00000000a2600000| Untracked 
|  11|0x00000000a2700000, 0x00000000a2700000, 0x00000000a2800000|  0%| F|  |TAMS 0x00000000a2700000, 0x00000000a2700000| Untracked 
|  12|0x00000000a2800000, 0x00000000a2800000, 0x00000000a2900000|  0%| F|  |TAMS 0x00000000a2800000, 0x00000000a2800000| Untracked 
|  13|0x00000000a2900000, 0x00000000a2900000, 0x00000000a2a00000|  0%| F|  |TAMS 0x00000000a2900000, 0x00000000a2900000| Untracked 
|  14|0x00000000a2a00000, 0x00000000a2a00000, 0x00000000a2b00000|  0%| F|  |TAMS 0x00000000a2a00000, 0x00000000a2a00000| Untracked 
|  15|0x00000000a2b00000, 0x00000000a2b00000, 0x00000000a2c00000|  0%| F|  |TAMS 0x00000000a2b00000, 0x00000000a2b00000| Untracked 
|  16|0x00000000a2c00000, 0x00000000a2c00000, 0x00000000a2d00000|  0%| F|  |TAMS 0x00000000a2c00000, 0x00000000a2c00000| Untracked 
|  17|0x00000000a2d00000, 0x00000000a2d00000, 0x00000000a2e00000|  0%| F|  |TAMS 0x00000000a2d00000, 0x00000000a2d00000| Untracked 
|  18|0x00000000a2e00000, 0x00000000a2e00000, 0x00000000a2f00000|  0%| F|  |TAMS 0x00000000a2e00000, 0x00000000a2e00000| Untracked 
|  19|0x00000000a2f00000, 0x00000000a2f00000, 0x00000000a3000000|  0%| F|  |TAMS 0x00000000a2f00000, 0x00000000a2f00000| Untracked 
|  20|0x00000000a3000000, 0x00000000a3000000, 0x00000000a3100000|  0%| F|  |TAMS 0x00000000a3000000, 0x00000000a3000000| Untracked 
|  21|0x00000000a3100000, 0x00000000a3100000, 0x00000000a3200000|  0%| F|  |TAMS 0x00000000a3100000, 0x00000000a3100000| Untracked 
|  22|0x00000000a3200000, 0x00000000a3200000, 0x00000000a3300000|  0%| F|  |TAMS 0x00000000a3200000, 0x00000000a3200000| Untracked 
|  23|0x00000000a3300000, 0x00000000a3300000, 0x00000000a3400000|  0%| F|  |TAMS 0x00000000a3300000, 0x00000000a3300000| Untracked 
|  24|0x00000000a3400000, 0x00000000a3480800, 0x00000000a3500000| 50%| E|  |TAMS 0x00000000a3400000, 0x00000000a3400000| Complete 
|  25|0x00000000a3500000, 0x00000000a3600000, 0x00000000a3600000|100%| E|CS|TAMS 0x00000000a3500000, 0x00000000a3500000| Complete 
|  26|0x00000000a3600000, 0x00000000a3700000, 0x00000000a3700000|100%| E|CS|TAMS 0x00000000a3600000, 0x00000000a3600000| Complete 
|  27|0x00000000a3700000, 0x00000000a3800000, 0x00000000a3800000|100%| E|CS|TAMS 0x00000000a3700000, 0x00000000a3700000| Complete 
|  28|0x00000000a3800000, 0x00000000a3900000, 0x00000000a3900000|100%| E|CS|TAMS 0x00000000a3800000, 0x00000000a3800000| Complete 
|  29|0x00000000a3900000, 0x00000000a3a00000, 0x00000000a3a00000|100%| E|CS|TAMS 0x00000000a3900000, 0x00000000a3900000| Complete 
|  30|0x00000000a3a00000, 0x00000000a3b00000, 0x00000000a3b00000|100%| E|CS|TAMS 0x00000000a3a00000, 0x00000000a3a00000| Complete 
|  31|0x00000000a3b00000, 0x00000000a3c00000, 0x00000000a3c00000|100%| E|CS|TAMS 0x00000000a3b00000, 0x00000000a3b00000| Complete 
|  32|0x00000000a3c00000, 0x00000000a3d00000, 0x00000000a3d00000|100%| E|CS|TAMS 0x00000000a3c00000, 0x00000000a3c00000| Complete 
|  33|0x00000000a3d00000, 0x00000000a3e00000, 0x00000000a3e00000|100%| E|CS|TAMS 0x00000000a3d00000, 0x00000000a3d00000| Complete 
|  76|0x00000000a6800000, 0x00000000a6857b10, 0x00000000a6900000| 34%| S|CS|TAMS 0x00000000a6800000, 0x00000000a6800000| Complete 
|  77|0x00000000a6900000, 0x00000000a6a00000, 0x00000000a6a00000|100%| S|CS|TAMS 0x00000000a6900000, 0x00000000a6900000| Complete 
|  95|0x00000000a7b00000, 0x00000000a7c00000, 0x00000000a7c00000|100%| E|CS|TAMS 0x00000000a7b00000, 0x00000000a7b00000| Complete 

Card table byte_map: [0x0000021a3a290000,0x0000021a3a590000] _byte_map_base: 0x0000021a39d82000

Marking Bits (Prev, Next): (CMBitMap*) 0x0000021a275f4aa0, (CMBitMap*) 0x0000021a275f4a60
 Prev Bits: [0x0000021a3c020000, 0x0000021a3d7b0000)
 Next Bits: [0x0000021a3a890000, 0x0000021a3c020000)

Polling page: 0x0000021a26d80000

Metaspace:

Usage:
  Non-class:     21.89 MB used.
      Class:      2.65 MB used.
       Both:     24.54 MB used.

Virtual space:
  Non-class space:       24.00 MB reserved,      22.00 MB ( 92%) committed,  3 nodes.
      Class space:        1.00 GB reserved,       2.75 MB ( <1%) committed,  1 nodes.
             Both:        1.02 GB reserved,      24.75 MB (  2%) committed. 

Chunk freelists:
   Non-Class:  2.00 MB
       Class:  1.23 MB
        Both:  3.23 MB

MaxMetaspaceSize: unlimited
CompressedClassSpaceSize: 1.00 GB
Initial GC threshold: 21.00 MB
Current GC threshold: 35.12 MB
CDS: off
MetaspaceReclaimPolicy: balanced
 - commit_granule_bytes: 65536.
 - commit_granule_words: 8192.
 - virtual_space_node_default_size: 1048576.
 - enlarge_chunks_in_place: 1.
 - new_chunks_are_fully_committed: 0.
 - uncommit_free_chunks: 1.
 - use_allocation_guard: 0.
 - handle_deallocations: 1.


Internal statistics:

num_allocs_failed_limit: 3.
num_arena_births: 278.
num_arena_deaths: 0.
num_vsnodes_births: 4.
num_vsnodes_deaths: 0.
num_space_committed: 396.
num_space_uncommitted: 0.
num_chunks_returned_to_freelist: 3.
num_chunks_taken_from_freelist: 701.
num_chunk_merges: 0.
num_chunk_splits: 411.
num_chunks_enlarged: 258.
num_purges: 0.
num_inconsistent_stats: 0.

CodeHeap 'non-profiled nmethods': size=120000Kb used=715Kb max_used=715Kb free=119284Kb
 bounds [0x0000021a32730000, 0x0000021a329a0000, 0x0000021a39c60000]
CodeHeap 'profiled nmethods': size=120000Kb used=4196Kb max_used=4196Kb free=115803Kb
 bounds [0x0000021a2b200000, 0x0000021a2b620000, 0x0000021a32730000]
CodeHeap 'non-nmethods': size=5760Kb used=1235Kb max_used=1255Kb free=4524Kb
 bounds [0x0000021a2ac60000, 0x0000021a2aed0000, 0x0000021a2b200000]
 total_blobs=2651 nmethods=2112 adapters=451
 compilation: enabled
              stopped_count=0, restarted_count=0
 full_count=0

Compilation events (20 events):
Event: 5.867 Thread 0x0000021a40c1bff0 2109       3       jdk.internal.org.objectweb.asm.MethodWriter::visitAnnotation (40 bytes)
Event: 5.868 Thread 0x0000021a40c1bff0 nmethod 2109 0x0000021a2b616e90 code [0x0000021a2b617040, 0x0000021a2b6172f8]
Event: 5.868 Thread 0x0000021a40c1bff0 2110       3       jdk.internal.org.objectweb.asm.AnnotationWriter::create (34 bytes)
Event: 5.868 Thread 0x0000021a40c1bff0 nmethod 2110 0x0000021a2b617390 code [0x0000021a2b617580, 0x0000021a2b617a18]
Event: 5.868 Thread 0x0000021a40c1bff0 2111       3       jdk.internal.org.objectweb.asm.AnnotationWriter::<init> (60 bytes)
Event: 5.869 Thread 0x0000021a40c1bff0 nmethod 2111 0x0000021a2b617c10 code [0x0000021a2b617de0, 0x0000021a2b6181e8]
Event: 5.869 Thread 0x0000021a40c1bff0 2112       3       jdk.internal.org.objectweb.asm.AnnotationVisitor::<init> (7 bytes)
Event: 5.869 Thread 0x0000021a40c1bff0 nmethod 2112 0x0000021a2b618390 code [0x0000021a2b618540, 0x0000021a2b618688]
Event: 5.869 Thread 0x0000021a40c1bff0 2108       1       java.lang.invoke.InvokerBytecodeGenerator::setClassWriter (6 bytes)
Event: 5.869 Thread 0x0000021a40c1bff0 nmethod 2108 0x0000021a327dc810 code [0x0000021a327dc9a0, 0x0000021a327dcab8]
Event: 5.869 Thread 0x0000021a40c1bff0 2113       1       java.lang.Class::getClassData (5 bytes)
Event: 5.869 Thread 0x0000021a40c1bff0 nmethod 2113 0x0000021a327dcb10 code [0x0000021a327dcca0, 0x0000021a327dcd78]
Event: 5.892 Thread 0x0000021a40c1b550 nmethod 2066 0x0000021a327dce10 code [0x0000021a327dd1e0, 0x0000021a327dfe60]
Event: 5.892 Thread 0x0000021a40c1b550 2067       4       java.lang.ref.SoftReference::get (29 bytes)
Event: 5.894 Thread 0x0000021a40c1b550 nmethod 2067 0x0000021a327e1890 code [0x0000021a327e1a00, 0x0000021a327e1af8]
Event: 5.968 Thread 0x0000021a40c1bff0 2114       3       jdk.internal.reflect.ByteVectorImpl::get (26 bytes)
Event: 5.969 Thread 0x0000021a40c1bff0 nmethod 2114 0x0000021a2b618710 code [0x0000021a2b6188c0, 0x0000021a2b618a88]
Event: 6.010 Thread 0x0000021a40c1bff0 2115       3       java.lang.invoke.BoundMethodHandle$Species_L::make (11 bytes)
Event: 6.011 Thread 0x0000021a40c1bff0 nmethod 2115 0x0000021a2b618b90 code [0x0000021a2b618d40, 0x0000021a2b618f88]
Event: 6.014 Thread 0x0000021a40c1b550 2116       4       jdk.internal.org.objectweb.asm.SymbolTable::addConstantUtf8Reference (101 bytes)

GC Heap History (4 events):
Event: 2.338 GC heap before
{Heap before GC invocations=0 (full 0):
 garbage-first heap   total 98304K, used 22528K [0x00000000a1c00000, 0x0000000100000000)
  region size 1024K, 23 young (23552K), 0 survivors (0K)
 Metaspace       used 16048K, committed 16320K, reserved 1064960K
  class space    used 1615K, committed 1728K, reserved 1048576K
}
Event: 2.351 GC heap after
{Heap after GC invocations=1 (full 0):
 garbage-first heap   total 98304K, used 7460K [0x00000000a1c00000, 0x0000000100000000)
  region size 1024K, 3 young (3072K), 3 survivors (3072K)
 Metaspace       used 16048K, committed 16320K, reserved 1064960K
  class space    used 1615K, committed 1728K, reserved 1048576K
}
Event: 4.937 GC heap before
{Heap before GC invocations=1 (full 0):
 garbage-first heap   total 98304K, used 24868K [0x00000000a1c00000, 0x0000000100000000)
  region size 1024K, 21 young (21504K), 3 survivors (3072K)
 Metaspace       used 21219K, committed 21504K, reserved 1073152K
  class space    used 2288K, committed 2432K, reserved 1048576K
}
Event: 4.943 GC heap after
{Heap after GC invocations=2 (full 0):
 garbage-first heap   total 98304K, used 9069K [0x00000000a1c00000, 0x0000000100000000)
  region size 1024K, 2 young (2048K), 2 survivors (2048K)
 Metaspace       used 21219K, committed 21504K, reserved 1073152K
  class space    used 2288K, committed 2432K, reserved 1048576K
}

Deoptimization events (20 events):
Event: 5.409 Thread 0x0000021a275bccc0 Uncommon trap: trap_request=0xffffff45 fr.pc=0x0000021a327a3a84 relative=0x0000000000000064
Event: 5.409 Thread 0x0000021a275bccc0 Uncommon trap: reason=unstable_if action=reinterpret pc=0x0000021a327a3a84 method=sun.net.www.ParseUtil.firstEncodeIndex(Ljava/lang/String;)I @ 51 c2
Event: 5.409 Thread 0x0000021a275bccc0 DEOPT PACKING pc=0x0000021a327a3a84 sp=0x000000b2526fd200
Event: 5.409 Thread 0x0000021a275bccc0 DEOPT UNPACKING pc=0x0000021a2acb23a3 sp=0x000000b2526fd188 mode 2
Event: 5.709 Thread 0x0000021a275bccc0 Uncommon trap: trap_request=0xffffff45 fr.pc=0x0000021a3274481c relative=0x00000000000003fc
Event: 5.709 Thread 0x0000021a275bccc0 Uncommon trap: reason=unstable_if action=reinterpret pc=0x0000021a3274481c method=java.lang.StringLatin1.canEncode(I)Z @ 4 c2
Event: 5.709 Thread 0x0000021a275bccc0 DEOPT PACKING pc=0x0000021a3274481c sp=0x000000b2526fe8c0
Event: 5.709 Thread 0x0000021a275bccc0 DEOPT UNPACKING pc=0x0000021a2acb23a3 sp=0x000000b2526fe7e8 mode 2
Event: 5.709 Thread 0x0000021a275bccc0 Uncommon trap: trap_request=0xffffff45 fr.pc=0x0000021a32745208 relative=0x00000000000003e8
Event: 5.709 Thread 0x0000021a275bccc0 Uncommon trap: reason=unstable_if action=reinterpret pc=0x0000021a32745208 method=java.lang.AbstractStringBuilder.isLatin1()Z @ 10 c2
Event: 5.709 Thread 0x0000021a275bccc0 DEOPT PACKING pc=0x0000021a32745208 sp=0x000000b2526fe8e0
Event: 5.709 Thread 0x0000021a275bccc0 DEOPT UNPACKING pc=0x0000021a2acb23a3 sp=0x000000b2526fe860 mode 2
Event: 5.709 Thread 0x0000021a275bccc0 Uncommon trap: trap_request=0xffffff45 fr.pc=0x0000021a3274d65c relative=0x000000000000005c
Event: 5.709 Thread 0x0000021a275bccc0 Uncommon trap: reason=unstable_if action=reinterpret pc=0x0000021a3274d65c method=java.lang.AbstractStringBuilder.isLatin1()Z @ 10 c2
Event: 5.709 Thread 0x0000021a275bccc0 DEOPT PACKING pc=0x0000021a3274d65c sp=0x000000b2526fe8c0
Event: 5.709 Thread 0x0000021a275bccc0 DEOPT UNPACKING pc=0x0000021a2acb23a3 sp=0x000000b2526fe850 mode 2
Event: 5.713 Thread 0x0000021a275bccc0 Uncommon trap: trap_request=0xffffff45 fr.pc=0x0000021a32734d38 relative=0x0000000000000038
Event: 5.713 Thread 0x0000021a275bccc0 Uncommon trap: reason=unstable_if action=reinterpret pc=0x0000021a32734d38 method=java.lang.StringLatin1.canEncode(I)Z @ 4 c2
Event: 5.713 Thread 0x0000021a275bccc0 DEOPT PACKING pc=0x0000021a32734d38 sp=0x000000b2526fe860
Event: 5.713 Thread 0x0000021a275bccc0 DEOPT UNPACKING pc=0x0000021a2acb23a3 sp=0x000000b2526fe7f0 mode 2

Classes unloaded (0 events):
No events

Classes redefined (0 events):
No events

Internal exceptions (20 events):
Event: 2.501 Thread 0x0000021a42479460 Exception <a 'java/net/SocketException'{0x00000000a79db020}: Socket is not connected: shutdown> (0x00000000a79db020) 
thrown [e:\jenkins\tmp\workspace\build\src\src\hotspot\share\prims\jni.cpp, line 535]
Event: 2.571 Thread 0x0000021a275bccc0 Exception <a 'java/lang/NoSuchMethodError'{0x00000000a78b38e0}: 'java.lang.Object java.lang.invoke.DirectMethodHandle$Holder.newInvokeSpecial(java.lang.Object, java.lang.Object, int, int)'> (0x00000000a78b38e0) 
thrown [e:\jenkins\tmp\workspace\build\src\src\hotspot\share\interpreter\linkResolver.cpp, line 766]
Event: 2.572 Thread 0x0000021a275bccc0 Exception <a 'java/lang/NoSuchMethodError'{0x00000000a78be3c8}: 'void java.lang.invoke.DirectMethodHandle$Holder.invokeStatic(java.lang.Object, java.lang.Object, int)'> (0x00000000a78be3c8) 
thrown [e:\jenkins\tmp\workspace\build\src\src\hotspot\share\interpreter\linkResolver.cpp, line 766]
Event: 2.591 Thread 0x0000021a275bccc0 Exception <a 'java/lang/NoSuchMethodError'{0x00000000a775a6f8}: 'java.lang.Object java.lang.invoke.DirectMethodHandle$Holder.newInvokeSpecial(java.lang.Object, java.lang.Object, java.lang.Object, java.lang.Object, java.lang.Object)'> (0x00000000a775a6f8) 
thrown [e:\jenkins\tmp\workspace\build\src\src\hotspot\share\interpreter\linkResolver.cpp, line 766]
Event: 2.648 Thread 0x0000021a417f64b0 Exception <a 'java/lang/NoSuchMethodError'{0x00000000a75a6190}: 'java.lang.Object java.lang.invoke.DirectMethodHandle$Holder.invokeSpecial(java.lang.Object, java.lang.Object, java.lang.Object, java.lang.Object, int)'> (0x00000000a75a6190) 
thrown [e:\jenkins\tmp\workspace\build\src\src\hotspot\share\interpreter\linkResolver.cpp, line 766]
Event: 2.649 Thread 0x0000021a417f64b0 Exception <a 'java/lang/NoSuchMethodError'{0x00000000a75a9d58}: 'java.lang.Object java.lang.invoke.Invokers$Holder.linkToTargetMethod(java.lang.Object, java.lang.Object, int, java.lang.Object)'> (0x00000000a75a9d58) 
thrown [e:\jenkins\tmp\workspace\build\src\src\hotspot\share\interpreter\linkResolver.cpp, line 766]
Event: 2.677 Thread 0x0000021a417f64b0 Exception <a 'java/lang/NoSuchMethodError'{0x00000000a74f2d58}: 'void java.lang.invoke.DirectMethodHandle$Holder.invokeSpecial(java.lang.Object, java.lang.Object, java.lang.Object, java.lang.Object, java.lang.Object)'> (0x00000000a74f2d58) 
thrown [e:\jenkins\tmp\workspace\build\src\src\hotspot\share\interpreter\linkResolver.cpp, line 766]
Event: 4.139 Thread 0x0000021a417f64b0 Exception <a 'java/lang/NoSuchMethodError'{0x00000000a728fab8}: 'void java.lang.invoke.DirectMethodHandle$Holder.invokeSpecial(java.lang.Object, java.lang.Object, java.lang.Object, java.lang.Object, java.lang.Object, java.lang.Object, java.lang.Object)'> (0x00000000a728fab8) 
thrown [e:\jenkins\tmp\workspace\build\src\src\hotspot\share\interpreter\linkResolver.cpp, line 766]
Event: 4.178 Thread 0x0000021a275bccc0 Exception <a 'java/lang/NoSuchMethodError'{0x00000000a7108518}: 'java.lang.Object java.lang.invoke.DirectMethodHandle$Holder.invokeSpecialIFC(java.lang.Object, java.lang.Object, java.lang.Object)'> (0x00000000a7108518) 
thrown [e:\jenkins\tmp\workspace\build\src\src\hotspot\share\interpreter\linkResolver.cpp, line 766]
Event: 4.857 Thread 0x0000021a275bccc0 Exception <a 'java/lang/NoSuchMethodError'{0x00000000a6a117c8}: 'void java.lang.invoke.DelegatingMethodHandle$Holder.delegate(java.lang.Object, java.lang.Object, int, java.lang.Object)'> (0x00000000a6a117c8) 
thrown [e:\jenkins\tmp\workspace\build\src\src\hotspot\share\interpreter\linkResolver.cpp, line 766]
Event: 4.874 Thread 0x0000021a275bccc0 Exception <a 'java/lang/NoSuchMethodError'{0x00000000a6a2bab0}: 'java.lang.Object java.lang.invoke.Invokers$Holder.invokeExact_MT(java.lang.Object, java.lang.Object, java.lang.Object, java.lang.Object)'> (0x00000000a6a2bab0) 
thrown [e:\jenkins\tmp\workspace\build\src\src\hotspot\share\interpreter\linkResolver.cpp, line 766]
Event: 4.875 Thread 0x0000021a275bccc0 Exception <a 'java/lang/NoSuchMethodError'{0x00000000a6a2f828}: 'java.lang.Object java.lang.invoke.Invokers$Holder.invokeExact_MT(java.lang.Object, java.lang.Object, java.lang.Object)'> (0x00000000a6a2f828) 
thrown [e:\jenkins\tmp\workspace\build\src\src\hotspot\share\interpreter\linkResolver.cpp, line 766]
Event: 4.879 Thread 0x0000021a275bccc0 Exception <a 'java/lang/NoSuchMethodError'{0x00000000a6a3a580}: 'java.lang.Object java.lang.invoke.DirectMethodHandle$Holder.newInvokeSpecial(java.lang.Object, int, java.lang.Object)'> (0x00000000a6a3a580) 
thrown [e:\jenkins\tmp\workspace\build\src\src\hotspot\share\interpreter\linkResolver.cpp, line 766]
Event: 4.902 Thread 0x0000021a275bccc0 Exception <a 'java/lang/IncompatibleClassChangeError'{0x00000000a6a5fef0}: Found class java.lang.Object, but interface was expected> (0x00000000a6a5fef0) 
thrown [e:\jenkins\tmp\workspace\build\src\src\hotspot\share\interpreter\linkResolver.cpp, line 833]
Event: 5.527 Thread 0x0000021a275bccc0 Exception <a 'java/lang/NoSuchMethodError'{0x00000000a3ae91f0}: 'void java.lang.invoke.DirectMethodHandle$Holder.invokeVirtual(java.lang.Object, java.lang.Object, java.lang.Object, java.lang.Object)'> (0x00000000a3ae91f0) 
thrown [e:\jenkins\tmp\workspace\build\src\src\hotspot\share\interpreter\linkResolver.cpp, line 766]
Event: 5.604 Thread 0x0000021a275bccc0 Exception <a 'java/lang/NoSuchMethodError'{0x00000000a3924318}: 'void java.lang.invoke.DirectMethodHandle$Holder.invokeStatic(java.lang.Object, java.lang.Object, java.lang.Object, int)'> (0x00000000a3924318) 
thrown [e:\jenkins\tmp\workspace\build\src\src\hotspot\share\interpreter\linkResolver.cpp, line 766]
Event: 5.605 Thread 0x0000021a275bccc0 Exception <a 'java/lang/NoSuchMethodError'{0x00000000a3927a80}: 'void java.lang.invoke.DirectMethodHandle$Holder.invokeStaticInit(java.lang.Object, java.lang.Object, java.lang.Object, int)'> (0x00000000a3927a80) 
thrown [e:\jenkins\tmp\workspace\build\src\src\hotspot\share\interpreter\linkResolver.cpp, line 766]
Event: 5.863 Thread 0x0000021a275bccc0 Exception <a 'java/lang/NoSuchMethodError'{0x00000000a369b1a8}: 'java.lang.Object java.lang.invoke.DirectMethodHandle$Holder.invokeStaticInit(java.lang.Object, java.lang.Object, java.lang.Object)'> (0x00000000a369b1a8) 
thrown [e:\jenkins\tmp\workspace\build\src\src\hotspot\share\interpreter\linkResolver.cpp, line 766]
Event: 5.865 Thread 0x0000021a275bccc0 Exception <a 'java/lang/NoSuchMethodError'{0x00000000a36a1208}: 'java.lang.Object java.lang.invoke.DirectMethodHandle$Holder.invokeStatic(java.lang.Object, java.lang.Object, int, int)'> (0x00000000a36a1208) 
thrown [e:\jenkins\tmp\workspace\build\src\src\hotspot\share\interpreter\linkResolver.cpp, line 766]
Event: 5.867 Thread 0x0000021a275bccc0 Exception <a 'java/lang/NoSuchMethodError'{0x00000000a36a48a8}: 'java.lang.Object java.lang.invoke.DirectMethodHandle$Holder.invokeStaticInit(java.lang.Object, java.lang.Object, int, int)'> (0x00000000a36a48a8) 
thrown [e:\jenkins\tmp\workspace\build\src\src\hotspot\share\interpreter\linkResolver.cpp, line 766]

VM Operations (20 events):
Event: 2.537 Executing VM operation: HandshakeAllThreads
Event: 2.537 Executing VM operation: HandshakeAllThreads done
Event: 2.587 Executing VM operation: HandshakeAllThreads
Event: 2.587 Executing VM operation: HandshakeAllThreads done
Event: 3.589 Executing VM operation: Cleanup
Event: 3.589 Executing VM operation: Cleanup done
Event: 4.098 Executing VM operation: HandshakeAllThreads
Event: 4.098 Executing VM operation: HandshakeAllThreads done
Event: 4.854 Executing VM operation: HandshakeAllThreads
Event: 4.854 Executing VM operation: HandshakeAllThreads done
Event: 4.854 Executing VM operation: Cleanup
Event: 4.854 Executing VM operation: Cleanup done
Event: 4.937 Executing VM operation: CollectForMetadataAllocation
Event: 4.943 Executing VM operation: CollectForMetadataAllocation done
Event: 4.965 Executing VM operation: G1Concurrent
Event: 4.966 Executing VM operation: G1Concurrent done
Event: 4.969 Executing VM operation: G1Concurrent
Event: 4.970 Executing VM operation: G1Concurrent done
Event: 5.974 Executing VM operation: Cleanup
Event: 5.974 Executing VM operation: Cleanup done

Events (20 events):
Event: 5.934 loading class java/time/temporal/WeekFields
Event: 5.935 loading class java/time/temporal/WeekFields done
Event: 5.935 loading class java/time/temporal/WeekFields$ComputedDayOfField
Event: 5.935 loading class java/time/temporal/WeekFields$ComputedDayOfField done
Event: 5.935 loading class java/time/temporal/IsoFields
Event: 5.935 loading class java/time/temporal/IsoFields done
Event: 5.935 loading class java/time/temporal/IsoFields$Field
Event: 5.936 loading class java/time/temporal/IsoFields$Field done
Event: 5.936 loading class java/time/temporal/IsoFields$Field$1
Event: 5.936 loading class java/time/temporal/IsoFields$Field$1 done
Event: 5.936 loading class java/time/temporal/IsoFields$Field$2
Event: 5.936 loading class java/time/temporal/IsoFields$Field$2 done
Event: 5.936 loading class java/time/temporal/IsoFields$Field$3
Event: 5.936 loading class java/time/temporal/IsoFields$Field$3 done
Event: 5.936 loading class java/time/temporal/IsoFields$Field$4
Event: 5.937 loading class java/time/temporal/IsoFields$Field$4 done
Event: 5.937 loading class java/time/temporal/IsoFields$Unit
Event: 5.938 loading class java/time/temporal/IsoFields$Unit done
Event: 5.996 loading class javax/xml/stream/XMLStreamException
Event: 5.996 loading class javax/xml/stream/XMLStreamException done


Dynamic libraries:
0x00007ff625dc0000 - 0x00007ff625dce000 	C:\Users\ranji\Music\eclipse\plugins\org.eclipse.justj.openjdk.hotspot.jre.full.win32.x86_64_17.0.2.v20220201-1208\jre\bin\javaw.exe
0x00007ffcf8c50000 - 0x00007ffcf8e66000 	C:\WINDOWS\SYSTEM32\ntdll.dll
0x00007ffcf7cf0000 - 0x00007ffcf7db4000 	C:\WINDOWS\System32\KERNEL32.DLL
0x00007ffcf6440000 - 0x00007ffcf67e6000 	C:\WINDOWS\System32\KERNELBASE.dll
0x00007ffcf5fc0000 - 0x00007ffcf60d1000 	C:\WINDOWS\System32\ucrtbase.dll
0x00007ffce7180000 - 0x00007ffce7198000 	C:\Users\ranji\Music\eclipse\plugins\org.eclipse.justj.openjdk.hotspot.jre.full.win32.x86_64_17.0.2.v20220201-1208\jre\bin\jli.dll
0x00007ffce71a0000 - 0x00007ffce71b9000 	C:\Users\ranji\Music\eclipse\plugins\org.eclipse.justj.openjdk.hotspot.jre.full.win32.x86_64_17.0.2.v20220201-1208\jre\bin\VCRUNTIME140.dll
0x00007ffcf6b10000 - 0x00007ffcf6cbd000 	C:\WINDOWS\System32\USER32.dll
0x00007ffcf60e0000 - 0x00007ffcf6106000 	C:\WINDOWS\System32\win32u.dll
0x00007ffcf81e0000 - 0x00007ffcf8209000 	C:\WINDOWS\System32\GDI32.dll
0x00007ffcf61b0000 - 0x00007ffcf62c8000 	C:\WINDOWS\System32\gdi32full.dll
0x00007ffcf6110000 - 0x00007ffcf61aa000 	C:\WINDOWS\System32\msvcp_win.dll
0x00007ffce61e0000 - 0x00007ffce6473000 	C:\WINDOWS\WinSxS\amd64_microsoft.windows.common-controls_6595b64144ccf1df_6.0.22621.3235_none_270f74e173860f98\COMCTL32.dll
0x00007ffcf8880000 - 0x00007ffcf8927000 	C:\WINDOWS\System32\msvcrt.dll
0x00007ffcf84d0000 - 0x00007ffcf8501000 	C:\WINDOWS\System32\IMM32.DLL
0x00007ffcea880000 - 0x00007ffcea88c000 	C:\Users\ranji\Music\eclipse\plugins\org.eclipse.justj.openjdk.hotspot.jre.full.win32.x86_64_17.0.2.v20220201-1208\jre\bin\vcruntime140_1.dll
0x00007ffcd4230000 - 0x00007ffcd42c1000 	C:\Users\ranji\Music\eclipse\plugins\org.eclipse.justj.openjdk.hotspot.jre.full.win32.x86_64_17.0.2.v20220201-1208\jre\bin\msvcp140.dll
0x00007ffc98250000 - 0x00007ffc98e97000 	C:\Users\ranji\Music\eclipse\plugins\org.eclipse.justj.openjdk.hotspot.jre.full.win32.x86_64_17.0.2.v20220201-1208\jre\bin\server\jvm.dll
0x00007ffcf69a0000 - 0x00007ffcf6a52000 	C:\WINDOWS\System32\ADVAPI32.dll
0x00007ffcf8270000 - 0x00007ffcf8318000 	C:\WINDOWS\System32\sechost.dll
0x00007ffcf5f90000 - 0x00007ffcf5fb8000 	C:\WINDOWS\System32\bcrypt.dll
0x00007ffcf83b0000 - 0x00007ffcf84c5000 	C:\WINDOWS\System32\RPCRT4.dll
0x00007ffcf6db0000 - 0x00007ffcf6db8000 	C:\WINDOWS\System32\PSAPI.DLL
0x00007ffcd26e0000 - 0x00007ffcd26e9000 	C:\WINDOWS\SYSTEM32\WSOCK32.dll
0x00007ffcf8930000 - 0x00007ffcf89a1000 	C:\WINDOWS\System32\WS2_32.dll
0x00007ffcee960000 - 0x00007ffcee994000 	C:\WINDOWS\SYSTEM32\WINMM.dll
0x00007ffceef30000 - 0x00007ffceef3a000 	C:\WINDOWS\SYSTEM32\VERSION.dll
0x00007ffcf4fd0000 - 0x00007ffcf4fe8000 	C:\WINDOWS\SYSTEM32\kernel.appcore.dll
0x00007ffcf15b0000 - 0x00007ffcf15ba000 	C:\Users\ranji\Music\eclipse\plugins\org.eclipse.justj.openjdk.hotspot.jre.full.win32.x86_64_17.0.2.v20220201-1208\jre\bin\jimage.dll
0x00007ffceceb0000 - 0x00007ffced0e3000 	C:\WINDOWS\SYSTEM32\DBGHELP.DLL
0x00007ffcf7de0000 - 0x00007ffcf8168000 	C:\WINDOWS\System32\combase.dll
0x00007ffcf6cd0000 - 0x00007ffcf6da7000 	C:\WINDOWS\System32\OLEAUT32.dll
0x00007ffcd3a20000 - 0x00007ffcd3a52000 	C:\WINDOWS\SYSTEM32\dbgcore.DLL
0x00007ffcf67f0000 - 0x00007ffcf686a000 	C:\WINDOWS\System32\bcryptPrimitives.dll
0x00007ffce9590000 - 0x00007ffce95b5000 	C:\Users\ranji\Music\eclipse\plugins\org.eclipse.justj.openjdk.hotspot.jre.full.win32.x86_64_17.0.2.v20220201-1208\jre\bin\java.dll
0x00007ffce9570000 - 0x00007ffce9588000 	C:\Users\ranji\Music\eclipse\plugins\org.eclipse.justj.openjdk.hotspot.jre.full.win32.x86_64_17.0.2.v20220201-1208\jre\bin\zip.dll
0x00007ffcf6dc0000 - 0x00007ffcf761d000 	C:\WINDOWS\System32\SHELL32.dll
0x00007ffcf3ef0000 - 0x00007ffcf47e8000 	C:\WINDOWS\SYSTEM32\windows.storage.dll
0x00007ffcf3db0000 - 0x00007ffcf3eee000 	C:\WINDOWS\SYSTEM32\wintypes.dll
0x00007ffcf8b10000 - 0x00007ffcf8c03000 	C:\WINDOWS\System32\SHCORE.dll
0x00007ffcf6ab0000 - 0x00007ffcf6b0e000 	C:\WINDOWS\System32\shlwapi.dll
0x00007ffcf5ec0000 - 0x00007ffcf5ee6000 	C:\WINDOWS\SYSTEM32\profapi.dll
0x00007ffcf1410000 - 0x00007ffcf1420000 	C:\Users\ranji\Music\eclipse\plugins\org.eclipse.justj.openjdk.hotspot.jre.full.win32.x86_64_17.0.2.v20220201-1208\jre\bin\verify.dll
0x00007ffce9550000 - 0x00007ffce9569000 	C:\Users\ranji\Music\eclipse\plugins\org.eclipse.justj.openjdk.hotspot.jre.full.win32.x86_64_17.0.2.v20220201-1208\jre\bin\net.dll
0x00007ffceed30000 - 0x00007ffceee67000 	C:\WINDOWS\SYSTEM32\WINHTTP.dll
0x00007ffcf5450000 - 0x00007ffcf54b9000 	C:\WINDOWS\system32\mswsock.dll
0x00007ffce9530000 - 0x00007ffce9545000 	C:\Users\ranji\Music\eclipse\plugins\org.eclipse.justj.openjdk.hotspot.jre.full.win32.x86_64_17.0.2.v20220201-1208\jre\bin\nio.dll
0x00007ffcf4ac0000 - 0x00007ffcf4bb9000 	C:\WINDOWS\SYSTEM32\DNSAPI.dll
0x00007ffcf4a50000 - 0x00007ffcf4a7d000 	C:\WINDOWS\SYSTEM32\IPHLPAPI.DLL
0x00007ffcf77e0000 - 0x00007ffcf77e9000 	C:\WINDOWS\System32\NSI.dll
0x00007ffce23a0000 - 0x00007ffce23aa000 	C:\Windows\System32\rasadhlp.dll
0x00007ffcecb90000 - 0x00007ffcecc13000 	C:\WINDOWS\System32\fwpuclnt.dll
0x00007ffce9110000 - 0x00007ffce911e000 	C:\Users\ranji\Music\eclipse\plugins\org.eclipse.justj.openjdk.hotspot.jre.full.win32.x86_64_17.0.2.v20220201-1208\jre\bin\sunmscapi.dll
0x00007ffcf62d0000 - 0x00007ffcf6436000 	C:\WINDOWS\System32\CRYPT32.dll
0x00007ffcf5860000 - 0x00007ffcf588e000 	C:\WINDOWS\SYSTEM32\ncrypt.dll
0x00007ffcf5820000 - 0x00007ffcf5857000 	C:\WINDOWS\SYSTEM32\NTASN1.dll
0x00007ffcf56a0000 - 0x00007ffcf56bb000 	C:\WINDOWS\SYSTEM32\CRYPTSP.dll
0x00007ffcf4f30000 - 0x00007ffcf4f65000 	C:\WINDOWS\system32\rsaenh.dll
0x00007ffcf5540000 - 0x00007ffcf556c000 	C:\WINDOWS\SYSTEM32\USERENV.dll
0x00007ffcf56c0000 - 0x00007ffcf56cc000 	C:\WINDOWS\SYSTEM32\CRYPTBASE.dll
0x00007ffceef40000 - 0x00007ffceef59000 	C:\WINDOWS\SYSTEM32\dhcpcsvc6.DLL
0x00007ffceebb0000 - 0x00007ffceebcf000 	C:\WINDOWS\SYSTEM32\dhcpcsvc.DLL
0x00007ffcc6c70000 - 0x00007ffcc6c78000 	C:\WINDOWS\system32\wshunix.dll

dbghelp: loaded successfully - version: 4.0.5 - missing functions: none
symbol engine: initialized successfully - sym options: 0x614 - pdb path: .;C:\Users\ranji\Music\eclipse\plugins\org.eclipse.justj.openjdk.hotspot.jre.full.win32.x86_64_17.0.2.v20220201-1208\jre\bin;C:\WINDOWS\SYSTEM32;C:\WINDOWS\WinSxS\amd64_microsoft.windows.common-controls_6595b64144ccf1df_6.0.22621.3235_none_270f74e173860f98;C:\Users\ranji\Music\eclipse\plugins\org.eclipse.justj.openjdk.hotspot.jre.full.win32.x86_64_17.0.2.v20220201-1208\jre\bin\server

VM Arguments:
jvm_args: -Dfile.encoding=Cp1252 -XX:+ShowCodeDetailsInExceptionMessages 
java_command: Adminmodule.AdminCanApprovetheProductTest
java_class_path (initial): C:\Users\ranji\eclipse-workspace\com.Ecommerce.AlphaSophee\target\test-classes;C:\Users\ranji\eclipse-workspace\com.Ecommerce.AlphaSophee\target\classes;C:\Users\ranji\.m2\repository\org\seleniumhq\selenium\selenium-java\4.18.1\selenium-java-4.18.1.jar;C:\Users\ranji\.m2\repository\org\seleniumhq\selenium\selenium-api\4.18.1\selenium-api-4.18.1.jar;C:\Users\ranji\.m2\repository\org\seleniumhq\selenium\selenium-chrome-driver\4.18.1\selenium-chrome-driver-4.18.1.jar;C:\Users\ranji\.m2\repository\com\google\auto\service\auto-service-annotations\1.1.1\auto-service-annotations-1.1.1.jar;C:\Users\ranji\.m2\repository\org\seleniumhq\selenium\selenium-chromium-driver\4.18.1\selenium-chromium-driver-4.18.1.jar;C:\Users\ranji\.m2\repository\org\seleniumhq\selenium\selenium-json\4.18.1\selenium-json-4.18.1.jar;C:\Users\ranji\.m2\repository\org\seleniumhq\selenium\selenium-manager\4.18.1\selenium-manager-4.18.1.jar;C:\Users\ranji\.m2\repository\org\seleniumhq\selenium\selenium-devtools-v120\4.18.1\selenium-devtools-v120-4.18.1.jar;C:\Users\ranji\.m2\repository\org\seleniumhq\selenium\selenium-devtools-v121\4.18.1\selenium-devtools-v121-4.18.1.jar;C:\Users\ranji\.m2\repository\org\seleniumhq\selenium\selenium-devtools-v122\4.18.1\selenium-devtools-v122-4.18.1.jar;C:\Users\ranji\.m2\repository\org\seleniumhq\selenium\selenium-devtools-v85\4.18.1\selenium-devtools-v85-4.18.1.jar;C:\Users\ranji\.m2\repository\org\seleniumhq\selenium\selenium-edge-driver\4.18.1\selenium-edge-driver-4.18.1.jar;C:\Users\ranji\.m2\repository\org\seleniumhq\selenium\selenium-firefox-driver\4.18.1\selenium-firefox-driver-4.18.1.jar;C:\Users\ranji\.m2\repository\org\seleniumhq\selenium\selenium-http\4.18.1\selenium-http-4.18.1.jar;C:\Users\ranji\.m2\repository\dev\failsafe\failsafe\3.3.2\failsafe-3.3.2.jar;C:\Users\ranji\.m2\repository\org\seleniumhq\selenium\selenium-ie-driver\4.18.1\selenium-ie-driver-4.18.1.jar;C:\Users\ranji\.m2\repository\org\seleniumhq\selenium\selenium-
Launcher Type: SUN_STANDARD

[Global flags]
     intx CICompilerCount                          = 4                                         {product} {ergonomic}
     uint ConcGCThreads                            = 2                                         {product} {ergonomic}
     uint G1ConcRefinementThreads                  = 8                                         {product} {ergonomic}
   size_t G1HeapRegionSize                         = 1048576                                   {product} {ergonomic}
    uintx GCDrainStackTargetSize                   = 64                                        {product} {ergonomic}
   size_t InitialHeapSize                          = 100663296                                 {product} {ergonomic}
   size_t MarkStackSize                            = 4194304                                   {product} {ergonomic}
   size_t MaxHeapSize                              = 1581252608                                {product} {ergonomic}
   size_t MaxNewSize                               = 947912704                                 {product} {ergonomic}
   size_t MinHeapDeltaBytes                        = 1048576                                   {product} {ergonomic}
   size_t MinHeapSize                              = 8388608                                   {product} {ergonomic}
    uintx NonNMethodCodeHeapSize                   = 5839372                                {pd product} {ergonomic}
    uintx NonProfiledCodeHeapSize                  = 122909434                              {pd product} {ergonomic}
    uintx ProfiledCodeHeapSize                     = 122909434                              {pd product} {ergonomic}
    uintx ReservedCodeCacheSize                    = 251658240                              {pd product} {ergonomic}
     bool SegmentedCodeCache                       = true                                      {product} {ergonomic}
     bool ShowCodeDetailsInExceptionMessages       = true                                   {manageable} {command line}
   size_t SoftMaxHeapSize                          = 1581252608                             {manageable} {ergonomic}
     bool UseCompressedClassPointers               = true                           {product lp64_product} {ergonomic}
     bool UseCompressedOops                        = true                           {product lp64_product} {ergonomic}
     bool UseG1GC                                  = true                                      {product} {ergonomic}
     bool UseLargePagesIndividualAllocation        = false                                  {pd product} {ergonomic}

Logging:
Log output configuration:
 #0: stdout all=warning uptime,level,tags
 #1: stderr all=off uptime,level,tags

Environment Variables:
JAVA_HOME=C:\Program Files\Java\jdk-17
PATH=C:/Users/ranji/Music/eclipse//plugins/org.eclipse.justj.openjdk.hotspot.jre.full.win32.x86_64_17.0.2.v20220201-1208/jre/bin/server;C:/Users/ranji/Music/eclipse//plugins/org.eclipse.justj.openjdk.hotspot.jre.full.win32.x86_64_17.0.2.v20220201-1208/jre/bin;C:\Program Files\Common Files\Oracle\Java\javapath;C:\oracle\product\10.2.0\db_1\bin;C:\WINDOWS\system32;C:\WINDOWS;C:\WINDOWS\System32\Wbem;C:\WINDOWS\System32\WindowsPowerShell\v1.0\;C:\WINDOWS\System32\OpenSSH\;C:\Program Files\dotnet\;C:\Program Files\Microsoft SQL Server\Client SDK\ODBC\170\Tools\Binn\;C:\Program Files (x86)\Microsoft SQL Server\150\Tools\Binn\;C:\Program Files\Microsoft SQL Server\150\Tools\Binn\;C:\Program Files\Microsoft SQL Server\150\DTS\Binn\;C:\Program Files (x86)\Microsoft SQL Server\150\DTS\Binn\;C:\Program Files\Azure Data Studio\bin;C:\Program Files\apache-maven-3.9.5\bin;C:\Program Files\Java\jdk-17\bin;C:\Program Files\nodejs\;C:\ProgramData\chocolatey\bin;C:\Users\ranji\Downloads\apache-maven-3.9.6-bin\apache-maven-3.9.6\bin;C:\Program Files\Git\cmd;C:\Program Files\MySQL\MySQL Shell 8.0\bin\;C:\Users\ranji\AppData\Local\Microsoft\WindowsApps;C:\Program Files\Azure Data Studio\bin;C:\Program Files\apache-maven-3.9.5\bin;C:\Program Files\Java\jdk-17\bin;C:\Users\ranji\AppData\Roaming\npm;C:\Users\ranji\Music\eclipse;
USERNAME=ranji
OS=Windows_NT
PROCESSOR_IDENTIFIER=AMD64 Family 23 Model 24 Stepping 1, AuthenticAMD



---------------  S Y S T E M  ---------------

OS:
 Windows 11 , 64 bit Build 22621 (10.0.22621.3235)
OS uptime: 14 days 8:09 hours

CPU: total 8 (initial active 8) (8 cores per cpu, 2 threads per core) family 23 model 24 stepping 1 microcode 0x0, cx8, cmov, fxsr, ht, mmx, 3dnowpref, sse, sse2, sse3, ssse3, sse4a, sse4.1, sse4.2, popcnt, lzcnt, tsc, tscinvbit, avx, avx2, aes, clmul, bmi1, bmi2, adx, sha, fma, vzeroupper, clflush, clflushopt

Memory: 4k page, system-wide physical 6030M (167M free)
TotalPageFile size 24462M (AvailPageFile size 0M)
current process WorkingSet (physical memory assigned to process): 99M, peak: 108M
current process commit charge ("private bytes"): 148M, peak: 207M

vm_info: OpenJDK 64-Bit Server VM (17.0.2+8) for windows-amd64 JRE (17.0.2+8), built on Jan 20 2022 04:52:34 by "" with MS VC++ 16.7 (VS2019)

END.
